Called with argument:
Namespace(batch_size=[2048, 256, 16], epoch=[16, 16, 16], gpu_id=0, min_face=40, photo='/Users/isaiah/courier', prefix=['model/pnet', 'model/rnet', 'model/onet'], slide_window=False, stride=2, thresh=[0.5, 0.5, 0.7])
000ae67a5fe0c9d31a8dc314de199jpeg.jpeg
001d9c516a4f7ae1cc2bfb55f5360jpeg.jpeg
001de87a735477671c7047d07644djpeg.jpeg
0020179f820afb93cda04f3fbc3c9jpeg.jpeg
0050a26af1c10b220f8ef9f067726jpeg.jpeg
0059599bd7773954451d5da3741b0jpeg.jpeg
00a8994d6cb5b3c13efec2e80552ejpeg.jpeg
00b2cbad6a8e66838669f0957c90ejpeg.jpeg
00bfe9d8c7226671d32418b5aad92jpeg.jpeg
00d07e9025d1e41d89fb42c629619jpeg.jpeg
00f13d8a29482cb69c29e414a7b11jpeg.jpeg
00fc0fd08a5ffe837084e0eeb848fjpeg.jpeg
01179162786c0e28357c98f39d083jpeg.jpeg
01330191362e65a73ccfe6325612ejpeg.jpeg
0151d01da650fa405f04c343849cajpeg.jpeg
015b9bee6f7c79ff05fce7ddef6ecjpeg.jpeg
0161f93a95d1c11959f425e664385jpeg.jpeg
01a3b813d29b11138cfaf810c90d7jpeg.jpeg
01b11dfcb9618866eea437a784d91jpeg.jpeg
01b9cc334b8ac933b8e749d3f6ebajpeg.jpeg
01bcd7aab427746c2e46275dc42d1jpeg.jpeg
01c524310e860fe9e174cb0139079jpeg.jpeg
01cf0ce0a800b303968d97b02af93jpeg.jpeg
01f3aaf1041b8e9f2c02553dc22abjpeg.jpeg
0233a842d7483b522c7b6b1d07aa8jpeg.jpeg
02456e2bf9fbccc4daef294843272jpeg.jpeg
024a226738d62fbf41ae1b96150ebjpeg.jpeg
0279991d2f40f92df52e11a60be9ejpeg.jpeg
0286d7e3d2507be564672360d0139jpeg.jpeg
029259a63bbaf346cd569bd2217ebjpeg.jpeg
02a0f00718d7a8b1acc521f63a08ejpeg.jpeg
02adf5ae6bc901eec2a7c253e2a01jpeg.jpeg
02b1da90c3296f5237f71ab588ca4jpeg.jpeg
02b1da90c3296f5237f71ab588ca4jpeg.jpeg.2
02dd434cdcea7ff3293c4f6d2b91ejpeg.jpeg
030df4645f8391b82f034149547a1jpeg.jpeg
036df2f7d67b9d3d24421132c7847jpeg.jpeg
0385f6e3e05ec9801a4557b00a472jpeg.jpeg
03b84f62379747e4b1ae697139d1ejpeg.jpeg
03c063251b31024a93a57a449b24fjpeg.jpeg
040d30cc52e4ee0fec4c10cab465ajpeg.jpeg
041f3a3f3b5766118c16034d5bae2jpeg.jpeg
0433d5717a5238dd5bf6c066eb6b3jpeg.jpeg
0434cadd3f6b6665f8a1a3394543djpeg.jpeg
0439f628efb1c9a66cd0fff5851b5jpeg.jpeg
0473f288523d02d41fe080457c20ajpeg.jpeg
047bf433edb6b8ecb1146476587a8jpeg.jpeg
049f7b6cee57ab3cb351580dacd66jpeg.jpeg
04a040b13023b580199b843dcd48ejpeg.jpeg
04c4d55b82a6cf78f797950ad3acbjpeg.jpeg
04e28d37adf95f2cf2fbfcad7d955jpeg.jpeg
04e3f2afe47bac94b7db228a787e3jpeg.jpeg
04e4d24401be8d4046f2f03830394jpeg.jpeg
04ef4ec9d6064ab45f7b6623c6896jpeg.jpeg
04fcedb7175922f7835daa7811849jpeg.jpeg
05283f4419e26ed6f8741a3811566jpeg.jpeg
053f8071f5d06e2c463b954a6782fjpeg.jpeg
056db135e36c88e5525ce76f05f83jpeg.jpeg
057697e229046e9834a9ff60c5976jpeg.jpeg
0598b4756499409fd27c059c1d416jpeg.jpeg
05c98b1d8641921cc875420c7a6bdjpeg.jpeg
05f17c005ed6c1933387bc96d45ecjpeg.jpeg
061026f14d342834e85a3739c72c4jpeg.jpeg
063ea96f8030b654606f288b70e34jpeg.jpeg
063eda36146305f32acc262b1ac66jpeg.jpeg
065af74683c56dc4b3d044bf1c0e0jpeg.jpeg
069e0dc6706a667c6186b8264c563jpeg.jpeg
06f53f5e7ed3bef914a1e565d6d22jpeg.jpeg
0702de3c5aee8fd82833d12dd5521jpeg.jpeg
0707ca9c3b6a82df32152f12932fajpeg.jpeg
07568bb9049e0ba3805b5fafa8f31jpeg.jpeg
0776a7ba2f422380217c957779423jpeg.jpeg
0783edb6a47648eb15658f9974d69jpeg.jpeg
0795b5d24a25b4ebbea3c7111f91fjpeg.jpeg
079616387d0481e8678f31e928e85jpeg.jpeg
07b43bda667a51a7c74a2a713e10cjpeg.jpeg
07c0c7a20143c94530a9ed4396429jpeg.jpeg
07d10cbd0997a1322376481bec469jpeg.jpeg
07ee88a472847d7df563d36e163abjpeg.jpeg
083c1b1c8810e9db1406563cc53e9jpeg.jpeg
08757576805a6f7e51cf0d259d541jpeg.jpeg
08a412781dae616d4f57822a5a873jpeg.jpeg
08ec4b2974a9b2e3d64cb39113edejpeg.jpeg
08f92c9f20c2769b0e1270fd51c07jpeg.jpeg
093c1470532369fb2ee5c72e63de9jpeg.jpeg
09aeb89a4ab11fdde33ab84f74215jpeg.jpeg
09d5d9eb5fa87a20d2814c00b29bejpeg.jpeg
09d91b559efa0d7357f9a795bcd8cjpeg.jpeg
09dffff812f765ac04a3a00d3da07jpeg.jpeg
0a22968cdaaf647123a2a19c7790ajpeg.jpeg
0a366acd61c621c5b177c6aaed4ffjpeg.jpeg
0a471da2d5d1c4bb53e8d21720029jpeg.jpeg
0a6b705d629e1edc763c31c3d9286jpeg.jpeg
0a6f2a1d3f4095b4b10de9abfc05bjpeg.jpeg
0aa63d8854a03e3eabffb33f99021jpeg.jpeg
0aadec0f31c30ee1e90f151652574jpeg.jpeg
0abc3405aeac0351896f1099476a4jpeg.jpeg
0af9083495a8ee5512dd1a3a9d487jpeg.jpeg
0b1af6d61ff747f341e071f9d25efjpeg.jpeg
0b260d1306d95c91d7277eb845920jpeg.jpeg
0b27db12fb196fc57ad27e7e71fb0jpeg.jpeg
0b3b1653bfd5bf443ce76c7217cadjpeg.jpeg
0b49d5c73b0a8f28df2b0f290b372jpeg.jpeg
0b5c7a11f16cd4e519fa34d81e36cjpeg.jpeg
0b6dc63d706fc4f652b030a799f76jpeg.jpeg
0b764f0722945fb53e7b7189484f7jpeg.jpeg
0b812e2738c23d82006d713ff2984jpeg.jpeg
0bb8babe28a22d349e9ef20f79a27jpeg.jpeg
0bdded87f32947e555c0c3dd4ee6cjpeg.jpeg
0c11fcea2fd12f6a5e5a542b98c82jpeg.jpeg
0c2859f70a07e05043c24ee2930e1jpeg.jpeg
0c38d3791adad382f8e1a98261b73jpeg.jpeg
0c4e509d9931858158c3221e35d94jpeg.jpeg
0c6e46749e62c3f1fad5a3f16eddcjpeg.jpeg
0c720ff4db0c6c2c6c22994c024b7jpeg.jpeg
0caaa14b46d8cbc27b529380bcb7bjpeg.jpeg
0cad2dc3e89d2fff61d5e392492a6jpeg.jpeg
0cd94cb1493dcb6fabf8575f91555jpeg.jpeg
0cda729dd131e4d5bd04c0c5885c3jpeg.jpeg
0cfaf49bf55553a41bb9151c75345jpeg.jpeg
0cfb0fe6f75302c1db3a855ba4f94jpeg.jpeg
0d0ef5ebda6c0173807468dec35bejpeg.jpeg
0d0f39d28897b4095e12fcde6baafjpeg.jpeg
0d201c175ba3d5c4362f1569ea61ajpeg.jpeg
0d31ad01b68d36f0ac5f1ada81d6fjpeg.jpeg
0d6e7e7306870875dd0d4a58a8a26jpeg.jpeg
0d71ef176714134742d411a466640jpeg.jpeg
0d8bb764dde42d80f6e37d91d2bbcjpeg.jpeg
0d8be9b910be44e10abd8631cca4fjpeg.jpeg
0d9b226040f6e5f1cef92c776ec2fjpeg.jpeg
0d9bdefcc3297bd60dcf5ef9734d1jpeg.jpeg
0da3fbaf772043d382ab9d2ec6ffcjpeg.jpeg
0da8659e277a8ac8457abf67c5c7ajpeg.jpeg
0dcfbed663b57dac6edfdfdf3552fjpeg.jpeg
0de087a22932bc8b5df9c575f8e50jpeg.jpeg
0ded82663c9337bd8ef3bc3c6e7b7jpeg.jpeg
0df58a02212f16f55110243a1e3f3jpeg.jpeg
0e27bddf5606ebf4fa3e2e560dae6jpeg.jpeg
0e2960405959322d9bb044166742ajpeg.jpeg
0e6946f0402b4aca138f222bdce2ajpeg.jpeg
0e717c15e7926fc327f0be51e06d0jpeg.jpeg
0e870374b122e60e2e132efc88f85jpeg.jpeg
0e8eb114ecfa4ec7284e3f00cb787jpeg.jpeg
0ed5fbac81602e834620267f94a3fjpeg.jpeg
0ed7ff1de8f09f07f7ac675875561jpeg.jpeg
0edf2dddccb1dc926c91d5e15d0e5jpeg.jpeg
0eea569e0831c84f68c1a29ef48d9jpeg.jpeg
0ef50da70b8594b9d61e1fa63e9a1jpeg.jpeg
0ef5578e9d9321e9df3df5c528cffjpeg.jpeg
0f13c0872a9c6491136352f1f9044jpeg.jpeg
0f17574c52313202bf581d9138508jpeg.jpeg
0f22ff3f9b6f8f20fcec55bf41eb2jpeg.jpeg
0f386bcbebf0973b0f6cca01feb30jpeg.jpeg
0f73b027b51b1c483b0aafb02af78jpeg.jpeg
0fa92498084c1a8dff315b05979d6jpeg.jpeg
0ffc8cb5588b762eb3b9fdb83b064jpeg.jpeg
0ffd1db81b724f334b2c1efaa9935jpeg.jpeg
1001ba1cb7cb2971dfa1b458e0012jpeg.jpeg
10124c75ae6c344006ba435bbe9f3jpeg.jpeg
10170bf0a4df048982e2a1774558fjpeg.jpeg
10327bcc350e94cbf948f671388e4jpeg.jpeg
10591fd66ff8ef279b5cb1ffb034cjpeg.jpeg
10591fd66ff8ef279b5cb1ffb034cjpeg.jpeg.2
105b781a9f265c71a8ec35da17565jpeg.jpeg
10618de490e50a70c9408062785e7jpeg.jpeg
1070ebfe0a3930b1a9492aeef720ajpeg.jpeg
10bd4303814527fa9bdbcbfc88c4bjpeg.jpeg
10cb37ac00c8ba04c805f358b78e8jpeg.jpeg
10cd7d55c6e82cc20b4b93d982654jpeg.jpeg
10e7705a7ac0072a0faff3c517b41jpeg.jpeg
10eb04343d537849eeba9e4186dddjpeg.jpeg
10fd361ac2e2d12cdda159d6905e4jpeg.jpeg
111168c7a7b27deca62ca6bee7753jpeg.jpeg
1137d3a48c4627066ee56067df39cjpeg.jpeg
119c6fb4cc0da6df51b68b98b63d6jpeg.jpeg
119e44a10aff9feb49cebb4edd744jpeg.jpeg
11a1fad299c92b5b275929667026cjpeg.jpeg
11bf8d0377ddd7f363317285af9edjpeg.jpeg
11c0ad75f194f1658a179bc2c630djpeg.jpeg
11e6594f4509fd8188a2421c309c2jpeg.jpeg
11eff2c728b87f82b2ae151fc0d31jpeg.jpeg
11f4f3503b92e00c4440870aec5e9jpeg.jpeg
11f609336216981b71ccd20720cc5jpeg.jpeg
12116616ddbcc0342d2c4e8a52384jpeg.jpeg
121524c462dd969fb98874c43d57fjpeg.jpeg
1245f340e26fc15e24cc28fcc66fejpeg.jpeg
12509f5977d0674237b6a125448b8jpeg.jpeg
1278304f1b9c5f06ae91c444d6d90jpeg.jpeg
129654228784ba24c24363a8143eejpeg.jpeg
12ce5956fef1fa7973bf5ed4a2cc2jpeg.jpeg
12eb52e02d48d6bf45820f69c13f5jpeg.jpeg
130baf325c6332d60a3335bc4a925jpeg.jpeg
1328749a287f56f37f83db41707a9jpeg.jpeg
133558b9704b66f7b84751ab02e3ejpeg.jpeg
1339b1a486fa230f3a5e6b965b481jpeg.jpeg
133c4e2a9a7f8987d3ba5ad8f676djpeg.jpeg
134407fd1c0c7552300e500620414jpeg.jpeg
1348b0bfb7354a077e29f3b23e288jpeg.jpeg
13515352d02dc2575e4709014bf50jpeg.jpeg
13653a786aed353f5b274ab6e2932jpeg.jpeg
1384a9f58f0a17e80f3e961bce3f8jpeg.jpeg
138de822d35a338207bc09d9f9a50jpeg.jpeg
13922996b2088e7f0264cf374fe8ejpeg.jpeg
13a37150dd1e507c30efc76a7b3ddjpeg.jpeg
13a74024ec12721b1ebbcb7697bf1jpeg.jpeg
13d870e5e74e18f1ad3c5e180594ajpeg.jpeg
13edc26171282a3f3c6f014d81e64jpeg.jpeg
1405cb47d95a3f35ef5e17c314f5fjpeg.jpeg
14154e61231d43c3070018920c45ajpeg.jpeg
141991cc187fdfd6178835de96fbdjpeg.jpeg
142c2495f3a3adaa0c533c73404fajpeg.jpeg
142c6c162d846e4c4669a9a9b2325jpeg.jpeg
1463851d123c082f3f3d89680de79jpeg.jpeg
14a84b9f63ac8fccafd496932ae0ejpeg.jpeg
14b138206345eac5032b35c50c858jpeg.jpeg
14c60e23de7b2296bb84fcdb3d330jpeg.jpeg
14cff9be702bfa6e8abbd040e21c2jpeg.jpeg
14d4b86f7373737426de54ea377c3jpeg.jpeg
14ea683c9c28a256c67e0389deb42jpeg.jpeg
14ec519fb9b8c5913b3ac5c3edd28jpeg.jpeg
1506a7344d2a624768f7f3a7e94aajpeg.jpeg
1557faa3940866fc63bcd65f07583jpeg.jpeg
1570e86227fcba2a834eb8d2a3c64jpeg.jpeg
15817a12847c951db538e1a6d59f3jpeg.jpeg
1588ec78df5a27dca0fd7246ca353jpeg.jpeg
158917b611950d3bf4d7f2fec6178jpeg.jpeg
158c103165b545da150a7e0a4834ejpeg.jpeg
15999b7e6ed681cd96b4bca888547jpeg.jpeg
159e622eb420758b731b25179d2b0jpeg.jpeg
15bbaf6e209dbce2c3c5043b46fbbjpeg.jpeg
1610373748c772df5d6cf2d9d69cbjpeg.jpeg
16184b70c64e90754459acddd97eajpeg.jpeg
162ed5a1d31b1babc1192a5e1b9f1jpeg.jpeg
167e1737c5c12e857f1e595a61c1fjpeg.jpeg
16805e2d0895df32f6f96a2e6d0bfjpeg.jpeg
169666d1b574b7c92e40cd6dfb937jpeg.jpeg
1696ed167a242b1e65c559f70b843jpeg.jpeg
169bc0263717ee9d627e75f87c116jpeg.jpeg
16c5ed3dcbfe926fbcff73de4b1dejpeg.jpeg
1714448df8c89dda95b6b59506287jpeg.jpeg
171fed7fc7824ab17a57c9795f5c7jpeg.jpeg
172bcfe067b47e3e5543c18c09bfcjpeg.jpeg
173ab4b28f2ab1292ee90c2a0fcb7jpeg.jpeg
17469b053dad6d23ad818d98f4666jpeg.jpeg
175f1ea4e63d5931fe505c1af3819jpeg.jpeg
176db6c193753d8354910988781a7jpeg.jpeg
17782ab26244623fc8f7eda7d40f1jpeg.jpeg
17dd265bfd0cf93dd5ee7339de41ajpeg.jpeg
180014dae2e65f38ac95ad3c47b8cjpeg.jpeg
1816b8fe3d3ebc5c44168be08216ejpeg.jpeg
183c8e05e155dbc17c63c26124a46jpeg.jpeg
186d1d9442beb84bbed96180354e1jpeg.jpeg
1871310cfc2078ef903edda790623jpeg.jpeg
189bc1889b0b8060bdcc63a65946fjpeg.jpeg
18d5322dae3d2841aafd4bddbe55ajpeg.jpeg
190c36802faccf9b33c7f7d05b2c1jpeg.jpeg
196ef53c35ad1e62aee33874567e6jpeg.jpeg
1986a76b27552ae780b8f15e97ec3jpeg.jpeg
19ab4d4cffd18801e6c6ec3a649fbjpeg.jpeg
19d5b12c890ef960eb4235da11591jpeg.jpeg
19dc9eefd8d7e8237712f5924d19fjpeg.jpeg
19faf7442aae737ab3a373e78bbf4jpeg.jpeg
1a0e61d6c2b0b06c7961d2ae37db4jpeg.jpeg
1a0edbb9440687de88a4f269b88c0jpeg.jpeg
1a34e368b8bbc63bf51035d6689a9jpeg.jpeg
1a6d9089d7dad33520be87fae432djpeg.jpeg
1a6de003860918665ac7f633f2f92jpeg.jpeg
1a801df59d103c752b0ea5a9daaf7jpeg.jpeg
1a8a1491d3ed00d635386f523be2ejpeg.jpeg
1a955cce8fd3cdae07d5f6307a7d8jpeg.jpeg
1abdb2f9eadc8922b6e78f58943acjpeg.jpeg
1ac564848209a5d620baf155a9b2ajpeg.jpeg
1ad2fab77084a399db59eadc2cf4djpeg.jpeg
1b367fa1801734e4b4d6005b94744jpeg.jpeg
1b36ef2da4d0cb6a7003b27c90d25jpeg.jpeg
1b44b6fd4e4b46e8e4257dcae54f3jpeg.jpeg
1b4dccaaa97615bb36499d7f92aa4jpeg.jpeg
1b7a209a5a36ad963983eb56963dejpeg.jpeg
1b8f62adb2e3e1dc703408008a765jpeg.jpeg
1bb9e712fd517eaf29df8fbf3f57bjpeg.jpeg
1bc372222ea6f59417652eed0ec3ejpeg.jpeg
1bd9e955a14f6d56fc029c2d05500jpeg.jpeg
1be2453ea603819e2d0409e87b13cjpeg.jpeg
1c0105c4d8e4163d41ffbed4a6de2jpeg.jpeg
1c16ec2224fb4e28bb4e0d5bfd766jpeg.jpeg
1c34fa1099625f3822a79e5334a30jpeg.jpeg
1c7a1504b6e38b7928ec227381a55jpeg.jpeg
1c8b4baa0d1a4c4182308c156e3c9jpeg.jpeg
1c977e3d1d1a0bac8a719a46caaf7jpeg.jpeg
1ca115a2de7d63b2695c58f424a97jpeg.jpeg
1cffcfde659372d52510df329b7c6jpeg.jpeg
1d1702ebd9af09b8bae9832ca8387jpeg.jpeg
1d47d8c3713ee44d2a38ba7475f57jpeg.jpeg
1d69ef08fd598a4e11d037266ab7bjpeg.jpeg
1dc0c49f316d46d536e2c66bdb353jpeg.jpeg
1dd74387c7196a37003044316f728jpeg.jpeg
1de2e87e53875e0cb6aed2bfb2380jpeg.jpeg
1e15bb4db6523fd3aff4fc5019194jpeg.jpeg
1e74efa7c7a7f6d30db6d7859803ajpeg.jpeg
1e7869dcbd34e563ce9be7a0f9fabjpeg.jpeg
1e8007f10299a1f283e7ceb572beejpeg.jpeg
1e814287448e09c758dd14218751cjpeg.jpeg
1eaf7b99151027ee7081e8aef0565jpeg.jpeg
1ec9627534e6af54682e8cbfb54bajpeg.jpeg
1ecc29eddb6674ce90af868197359jpeg.jpeg
1ecc8940750a1081c38017c45fcc3jpeg.jpeg
1ef04b61e341cd0dba74bb93dca00jpeg.jpeg
1f199207d029463f2ecad35b1976djpeg.jpeg
1f50b58ae53aa740c678b1622875djpeg.jpeg
1f71db44326ea71a8ec8f866ae158jpeg.jpeg
1f72a8bc3016bd800b151da994a50jpeg.jpeg
1f9ac2ee5f4957875e436a4c53726jpeg.jpeg
1fa479c8b4c0598519bdf5ff81a66jpeg.jpeg
1faa0202ee8ee72a058f3bf7a4715jpeg.jpeg
1fbd6ab685bda87a8ff0e118077e5jpeg.jpeg
1fd86589baf65c4af9e33b29ea05bjpeg.jpeg
1fed140f29184564afa97a8734daejpeg.jpeg
2027f27f486a86d760b1d9404c6bejpeg.jpeg
204989bb927f31f6a38cbadad063fjpeg.jpeg
205873743d799b4a81ccfaa9faf56jpeg.jpeg
205d03bea1dc881be109150ad1d30jpeg.jpeg
2069022ce5f851c07c085a2102386jpeg.jpeg
20728817a74422ebe89eaf18761dejpeg.jpeg
2088bc015609f2a0e90508ac6a93djpeg.jpeg
20a7392a1ae275e7b42ec4add7d6bjpeg.jpeg
20dc96d3af16ac646ee3791a74bb4jpeg.jpeg
20e5bfba806ec0ccf36270203e0b9jpeg.jpeg
2164e32430a3ba0e0d9b208bc0749jpeg.jpeg
2166acfe6c1b03b115174ca79d709jpeg.jpeg
21836903f6ce2504af25a854034a2jpeg.jpeg
2190709fafc2c8ee0b91e25771aa1jpeg.jpeg
219c6a5b0b56c04296170cbd8aa35jpeg.jpeg
21a61b8e445ccb6ec4979be5b4ec8jpeg.jpeg
21e5e13fb2ac0281b8393181fc5d5jpeg.jpeg
21f26d74ddf8c43fe791ead6b9c43jpeg.jpeg
220d60f7ccbdfb268d25d7af8a1eejpeg.jpeg
220e6ff92d5eb65c517eb2eec602ajpeg.jpeg
221afdeb88b44d70538b0a2ef42e0jpeg.jpeg
221f1cd6d6284ca7a6464f737285ejpeg.jpeg
223c6956cbe2144afd016f989b02fjpeg.jpeg
224516fcb18b8b4b1d98328b6b8d1jpeg.jpeg
226522e985651bf836dc1e0e6299djpeg.jpeg
2266badbd222032cdaeb773518442jpeg.jpeg
229e2f8d53847daf8e2d5db632adbjpeg.jpeg
22b3054bc545258bf41ee2982ff0fjpeg.jpeg
22eaf0851f6e3f42e1a8699f5d864jpeg.jpeg
2353202b4904d88fef5888cb398e0jpeg.jpeg
237fee359185e8da25f0ce692773ejpeg.jpeg
2395cd1a8b2ceba94086274397af5jpeg.jpeg
23a37a1090d2597877bf547800585jpeg.jpeg
23acea08bb1a9e61f0da2e8c27a32jpeg.jpeg
23bec4a898bfe286b6a9ce68ff477jpeg.jpeg
24091376abb2c73b98e1ff9bc7ed6jpeg.jpeg
240aa676061af08fe662ce5ddc2ddjpeg.jpeg
241e89ba4a5c996453ce45281c850jpeg.jpeg
2447d6cb7c2e43d182b85616020acjpeg.jpeg
244ae5928b7d32dbec7be24bfcec2jpeg.jpeg
2459419436d0c3ee6a554d9e6c2aajpeg.jpeg
247b65d0498b50798d7bff65e5280jpeg.jpeg
249b770cf75b5f112757b9840a832jpeg.jpeg
24f6728fc2f3a501d43e3b72f1e7fjpeg.jpeg
253d3400529d0ed29f64e016be0e5jpeg.jpeg
255026d2703ad0c2911eb4464d4cbjpeg.jpeg
25ac1cd6613941acaf2fe9e21a8b0jpeg.jpeg
25b4b471536f62e2b314c202b7692jpeg.jpeg
25b95d2eb1733c1938e60f50aebf7jpeg.jpeg
25e3e204d8ec072a2a80cf17fd1adjpeg.jpeg
2600404f07cad5fdbd60d6210b4d0jpeg.jpeg
260e3c888492c6c5f511c98124019jpeg.jpeg
26172bf3f99690d542a63d6d0143bjpeg.jpeg
261da75ba4bcc969b6d0dd150ca5fjpeg.jpeg
262a0fa937af5a6c86cf020a7ccc0jpeg.jpeg
262a28c9de0acce0e8cea24e50109jpeg.jpeg
262bd2586cb141b681b5e78538707jpeg.jpeg
2668a150bb027a906a9d866510031jpeg.jpeg
267b5b7c04bed3789ff3c45f82d8djpeg.jpeg
268bb0676be5731f884badefd81d6jpeg.jpeg
26afdd9cb611ea92233dd0cdf493ajpeg.jpeg
26e45f3f5fb9c94e92b07d820cf56jpeg.jpeg
26f7bb6cebd03d67323b279db7a03jpeg.jpeg
26fa2af0da3b85d48c2f5af358696jpeg.jpeg
2733541c89f27a2fcdaf79b7a373fjpeg.jpeg
27459d8a0855b108c1a68d4d1302ejpeg.jpeg
27563a86de636c8cc8de95e060c96jpeg.jpeg
276d5a86c5b43270c677ec4bc4e7djpeg.jpeg
27cee0ec0d245d59923074e68a500jpeg.jpeg
27cf37d59e02fa62b8da455698b4fjpeg.jpeg
27e97565de173a205c8e6d1ec2930jpeg.jpeg
28213ddb2f753b96dab850e6545b3jpeg.jpeg
2823a01f4b8f8edff09e3687288e6jpeg.jpeg
282ff7920ea27c9acb0569958e0c0jpeg.jpeg
2878175b967492d364107011d469fjpeg.jpeg
28885a748e0fa8a0d929f77bfcd52jpeg.jpeg
2896795999a6e8ac5b974403c66eajpeg.jpeg
28be7a80e995b4f0db3e3217fbda4jpeg.jpeg
28fefe9160fefc0d32bee18e9ec23jpeg.jpeg
293395eb9f57ce0064792453e60dajpeg.jpeg
293f872deb37f38cff6c5516f26afjpeg.jpeg
294bf69cfdff51ccdcb8bd97860dfjpeg.jpeg
297d7146d87c24be294c03a9ff3b0jpeg.jpeg
29b6bc0545966498852037f665321jpeg.jpeg
29c3b4c5062223ce609a0a0661a01jpeg.jpeg
2a18d8b78b167006a582511c25b03jpeg.jpeg
2a2a450614b235332aaaaae27657djpeg.jpeg
2a3f2c8251b37b2ac51897162eee0jpeg.jpeg
2a495cf9d9f582be04f2dcf368fc1jpeg.jpeg
2a9846c1e9db3d05610c7b61bc83fjpeg.jpeg
2aa5d51230610a49a5fbea106a41bjpeg.jpeg
2aa8d2568f250591a607c4d396ecbjpeg.jpeg
2ab816fa07f5ea08b488286765c2bjpeg.jpeg
2ae58092c0d1295575895a47ab0c9jpeg.jpeg
2af1a9c5c70d7e90ac4bff951e11cjpeg.jpeg
2b27d384a9d1d0f217b781e18d43bjpeg.jpeg
2b5ab0b7a1edc3628fa80717b69bdjpeg.jpeg
2b61676811d98137ee43e2f003e00jpeg.jpeg
2b702c22dd1f997a8c685e3158ac0jpeg.jpeg
2b9e5f786bb1ff43f7e640f396229jpeg.jpeg
2bc5c1eb243727de93153a4e3db1cjpeg.jpeg
2c022b31adfc797720b4c564043aejpeg.jpeg
2c6ea9e3404475409604cc87510e6jpeg.jpeg
2c6f692f80fa5686c7724e4576ccfjpeg.jpeg
2c819516bde29ad45e5dbeac19318jpeg.jpeg
2c8d3a5131cc4097f21ef4896a910jpeg.jpeg
2c9e590526e0ac7dc35fdca52cf53jpeg.jpeg
2ca088878979aba2dc2ddeb4e519bjpeg.jpeg
2caeed02099d8d6e3d04974020fb9jpeg.jpeg
2cfc545459d1dc485587f157892d0jpeg.jpeg
2cfd177e2d9834eaa75e869a6e39ajpeg.jpeg
2d03ad68dc17c03269b33a8ca17ecjpeg.jpeg
2d1df559b310ee3ac370bf363d483jpeg.jpeg
2d225f08cfe3ff167f76fa993d2e5jpeg.jpeg
2d7200fc79a171a27a9c73f6fa675jpeg.jpeg
2dba5104d10060247d39f49c2a471jpeg.jpeg
2dcbc45c5a743e92ab634adf4707djpeg.jpeg
2dcbe79d19a469abf9e2d8093858ajpeg.jpeg
2de7955c3a90f88c19be7eed74273jpeg.jpeg
2debb60a2a9b4d9de8d6caf670a4cjpeg.jpeg
2df1933ab58e875bfd6bea5f063e5jpeg.jpeg
2e0f50fd0bc349c69a44ccac19edejpeg.jpeg
2e11c9fbba072497fb920887da7a4jpeg.jpeg
2e3e4a46aa3dac50f31f26ad21e2bjpeg.jpeg
2e5296e7c5ddaadf7a8b585fe2f3cjpeg.jpeg
2e52f975e5cafca6d3018d14a3934jpeg.jpeg
2f1921c093b963a91ad79fda04e55jpeg.jpeg
2f2fbf9a46cdd6746208300eed508jpeg.jpeg
2f664d6117e232022768333a17696jpeg.jpeg
2fa5d62e276f67e1b379f5f2cc58ejpeg.jpeg
2fc6a690e749280bbb0369f9f1092jpeg.jpeg
2fcd14dd70c3b2d43c85fd9446690jpeg.jpeg
2fd0978dbd6443d55637e908d2ffbjpeg.jpeg
2fdbc6f0194bbc06f4190b8037236jpeg.jpeg
3038427f21de5fe034478b096381ejpeg.jpeg
30b836ab683235f00f57cfcffa9cajpeg.jpeg
30d5dcde2192772e16e89432979bbjpeg.jpeg
30d75a59f0968101805dae2447086jpeg.jpeg
30df288ef9106df8dba015f1c658ajpeg.jpeg
30fac9d9ef66f2655d8cf28ed7cd1jpeg.jpeg
31150360a4c12b02d29a8d71566d0jpeg.jpeg
31346666c911ec5fc737c28254a36jpeg.jpeg
316cc16c4903a1421a28138675515jpeg.jpeg
3194a5988d3001079afec29874186jpeg.jpeg
31b9c8e1c21f0cd4c9a37b5ab157cjpeg.jpeg
328c1b87ee4dcc26c499a452d562fjpeg.jpeg
32b2ed5c5eed85e7f74c5a62592edjpeg.jpeg
3345538d5bdb8d3aa6a79319c444bjpeg.jpeg
334f07e9ac8d4dc1e34899dcfa21fjpeg.jpeg
33765d7ac9a221b1be5d50bdebf06jpeg.jpeg
337f09500cbcb5148159593efd402jpeg.jpeg
33aedbde01eab56cf403aaa152f3ajpeg.jpeg
33b690beacae8046f5296c15a3cb0jpeg.jpeg
33c650feff29e1a7177bed8756f05jpeg.jpeg
33ccacfb04408f2c7a60960c2c004jpeg.jpeg
3406663c22091348db9d6e9ef7d67jpeg.jpeg
341529df442eedd89590b3e0f6e62jpeg.jpeg
3422d94d2829b8b617cd0c44a7f24jpeg.jpeg
343483c40e37ba45a4c2f81a219cbjpeg.jpeg
344043cc86eebe30af1454e826380jpeg.jpeg
34460904658f9a30c64dde8047415jpeg.jpeg
346ecece90c2d960ef2c1358dab50jpeg.jpeg
349956e5cd66faf4c67aa6e4d20aajpeg.jpeg
34e4db9c26e1eed37429db3342d1cjpeg.jpeg
34f3240e490db14db41bc9de6c9acjpeg.jpeg
350d7da0c2343a1b89adee0e4f3a3jpeg.jpeg
353c3bfb4c49777fb004159650290jpeg.jpeg
359ed8c53c41a5061f1ec1e2ddddbjpeg.jpeg
35f07bcf8f6e35243f5fa64a9e8d6jpeg.jpeg
361d37a957b341c476b6e576a5c26jpeg.jpeg
3631ae83a50d7069c96a436d7fa37jpeg.jpeg
364215ab5f4fdf91dd17edede3b5bjpeg.jpeg
368c159b61c60d0c2bad9c40c7432jpeg.jpeg
369735a08dd9157f2fe79aa2a7f7djpeg.jpeg
36a33131ac8205c75498f7b2cb8c7jpeg.jpeg
36e97b16ef040ba23c11e430fb222jpeg.jpeg
36ff81011bf85eb8f806f8d550fa7jpeg.jpeg
3708bab027dbf49831912c68c6829jpeg.jpeg
372d08691e9017ec032877daba9cdjpeg.jpeg
3732e48deda6fa9db44d3f9bd4a89jpeg.jpeg
37825140ad8a4d1c84a6cf0fd23d2jpeg.jpeg
37862bd957aa471edc0dc6adb128ejpeg.jpeg
37a078b2dadfd67b8b71f7724151djpeg.jpeg
37aba8d50c4601bacb6233a554e1ejpeg.jpeg
37ae80026e91387c7d888aa9d56f2jpeg.jpeg
3800e7d69190e481e5341e46ac886jpeg.jpeg
3824e83393b8898b949072d57a7cfjpeg.jpeg
389d514e9a4e0e6448ce359a2b3adjpeg.jpeg
38a53d7b10746f5a1bf8cf4954fa9jpeg.jpeg
38abeb6e78d77374dce47c4c3d6dejpeg.jpeg
38b8ca66d7cb07b074e6f5daed91cjpeg.jpeg
38e3108df34de3ac453f5ad61276fjpeg.jpeg
390b117ab182c4f1893a12d1b49c4jpeg.jpeg
391f48c014dcf8e66cec756bd0d04jpeg.jpeg
395a27b4a35649ddb8682abcdc38djpeg.jpeg
395fee2817bbe262387ddb0aa56e5jpeg.jpeg
3979a491c726e509d815e336900b5jpeg.jpeg
397fe522f52d4a8b5814c5cc2a280jpeg.jpeg
39837d90285342b4125dc6afa4568jpeg.jpeg
399b85fbd47cd220bcb04dc46a394jpeg.jpeg
39bcf3babd3459ea4d1f7cb3f1558jpeg.jpeg
39d9b8e37fb7dc167a08d81b51378jpeg.jpeg
3a1fbdf3329ed6603bae5db7ee43cjpeg.jpeg
3a2b235ce08680aa4de77b215736fjpeg.jpeg
3a5ad56f762f0393a8faed14a70d4jpeg.jpeg
3a70156c69be32b095b82be99abebjpeg.jpeg
3a92ae0f69100bad6807abfdbd35fjpeg.jpeg
3aa5766caeb66ebf371b3db07a62ejpeg.jpeg
3aa82662926c0ddeeb9417f7a575fjpeg.jpeg
3ab9ed10df18f6b32afa15c98e0ffjpeg.jpeg
3aba4976909126e184f9f19b05e56jpeg.jpeg
3ae7b1a01a4ea64a6c02c9ba0fc76jpeg.jpeg
3ae9eaeea6f36d54ab35b9bce3ef3jpeg.jpeg
3aeb8119e2cadca9a4efda063142cjpeg.jpeg
3b23ad317124b32b5c322c887cff6jpeg.jpeg
3b30f04693ddddd2e643d4262832ajpeg.jpeg
3b60fdb00e21b04b8820d7ca88041jpeg.jpeg
3b71e58cad3acd18698ef0cf306cdjpeg.jpeg
3b8ca01e8239f0ab6380a4ab1b3d7jpeg.jpeg
3bc42a25e21a9879e5845e250a902jpeg.jpeg
3be316ee08b2b2d702f257e412954jpeg.jpeg
3be736b01f6d05d2a36b63d1b96edjpeg.jpeg
3c01c5e537b31ee2d2fdb8b3cdb93jpeg.jpeg
3c12a053f45855a9ffaf1c7b41dc3jpeg.jpeg
3c5cf528d824a943849f5dc6fdd7bjpeg.jpeg
3cd52d30e8e16795344395fe81b1djpeg.jpeg
3cd9d501bfaa6e68fe52e01b20673jpeg.jpeg
3d66cfc2d4bdfea625330b29361a5jpeg.jpeg
3d7e6397275a47f4f085ddc8d4358jpeg.jpeg
3db39754b37e6f0b7bcaf568601f7jpeg.jpeg
3dc15d2af0d6baddabe0bf995f281jpeg.jpeg
3e0a050993af1ddac53b52a3b9e1cjpeg.jpeg
3e2ec01c60b18d0bb8d6191008ca3jpeg.jpeg
3e3563b5e410c538e0b9b45fd0163jpeg.jpeg
3e4caab7bf2f770788d52c95b4219jpeg.jpeg
3e7538531232f7d3a65f7fba8d644jpeg.jpeg
3e7f8e6583cf972ea9c0bf2fb3786jpeg.jpeg
3e866e770a3f93be23bb150aa5fd8jpeg.jpeg
3ebe3a704453dbec0340c5b73b082jpeg.jpeg
3ec88167573b1b74bd5a07316250ajpeg.jpeg
3eca52e39c70cc2d6f4077da67f9bjpeg.jpeg
3ee740f21fab2f40ad3d4da3b92fcjpeg.jpeg
3f08676e55548bfe7327eb07a8c70jpeg.jpeg
3f08bb794031cdd59fa25a61ebb19jpeg.jpeg
3f2e9532b097247cdd9bc6387439ejpeg.jpeg
3f3c8d5045859381f2c033532c82ajpeg.jpeg
3f62f3977ba3491bba1edf1b3d506jpeg.jpeg
3ff074b159fa9476cc1e499ba694bjpeg.jpeg
3fff937e702a115fc3f969c6c45ffjpeg.jpeg
40132d8141efb30af72b3bd5299fcjpeg.jpeg
401ed9da0a8417f7fbed237a763d9jpeg.jpeg
4035ff90477abf02dc619b95c5470jpeg.jpeg
4047ec08fb68a2feb2ff92b5ef5e0jpeg.jpeg
40491dde09e85696c68b766e88d08jpeg.jpeg
405122703fec7449f649afa63c564jpeg.jpeg
40618116184459e0ed759b7fa84dajpeg.jpeg
4066fa1d2bb8e59caea650abeb03djpeg.jpeg
406b6083a33df57dd5b87dfd18875jpeg.jpeg
40898a88860c19bc71f378667f087jpeg.jpeg
4098a074d3ff9e8a46defcd4a8e57jpeg.jpeg
40b054a449036417364188deed705jpeg.jpeg
40e876614247d286ae77816af5f3djpeg.jpeg
40fcc9b1cfaaaac48f4a988b9a6c8jpeg.jpeg
410df4de73ccf5a809af47d9115fcjpeg.jpeg
41125d4603384bc739721e05ab52fjpeg.jpeg
412fe0892c612e63658f9da6988a3jpeg.jpeg
414b971ca3a6a10c45dc16c390d5fjpeg.jpeg
41947d166e7985c2aa9bae2637043jpeg.jpeg
41cbd0509e4eee93db50d5229f3c9jpeg.jpeg
41d4e420dc1d8d806a573a3a78150jpeg.jpeg
41dd7b88f8ce7998191721ae842acjpeg.jpeg
41e2f40d460fbb91627956df680bfjpeg.jpeg
420267bc664683e44412b83b92efejpeg.jpeg
4202d13bf04e2f907f9c74a776913jpeg.jpeg
42072195cd9d31c17ef954932dfcbjpeg.jpeg
421875fe04a3ceafa4c4529e575fcjpeg.jpeg
422b3d6eaf947bcaf0012b6909db9jpeg.jpeg
426ee4c1396995227c2fce6d2e529jpeg.jpeg
42934b20dde88aa0d910f927775d3jpeg.jpeg
429a5ea060a29614b4e1815936ca7jpeg.jpeg
42a660167909be12b81fbbaa7b54ejpeg.jpeg
42b7c1ec2fb4ad9b52173dadf6633jpeg.jpeg
42b9abbe335b3fe77a0ddd92c5eecjpeg.jpeg
42c0211ca65650f4df328fe487693jpeg.jpeg
42de2054d9655313ab500181c8988jpeg.jpeg
42fed146a078437a2a36621083349jpeg.jpeg
4300a7189e39eb73ef8cd4d8cc35ajpeg.jpeg
4325ae089c2f1ad39e5b6e437b913jpeg.jpeg
43361e4d7700c8f0e0f33dd7af008jpeg.jpeg
4337414be89f716c3883c66acb5a2jpeg.jpeg
436dbf2ca000a8892e290d8f80063jpeg.jpeg
437c451c4007c4513ae5e37d0acbcjpeg.jpeg
43a61f17312d68741e206d99cae4bjpeg.jpeg
43dab814b46a92599696d146c36e1jpeg.jpeg
440e27b0c4362b450df5bb6ff51b3jpeg.jpeg
4439540fb074a413f82be29461eb5jpeg.jpeg
4464a384be427c773e7bac5bfc33djpeg.jpeg
4481a2b7bb1d16c3627a584cc8fc2jpeg.jpeg
448ebf3ec59c4b45443c8c6c0db27jpeg.jpeg
44b61faade570bc92d343095c0a45jpeg.jpeg
44b6510479da0f94e9522909c2ad4jpeg.jpeg
44b9c40bbbe70b63824eb91fdaf5ejpeg.jpeg
44daf92bd05eeff76753852187d10jpeg.jpeg
451d411ac75be9cf0bbbaa3fbe56cjpeg.jpeg
451dd1f96189f8adf4e6156748021jpeg.jpeg
452b4d4e505e41246841b08c79a62jpeg.jpeg
4543ca98b565f061999bc48431c8ejpeg.jpeg
45b7cb6163981ed94fe3647486837jpeg.jpeg
45dbd314bdb298c58c2f3483d3ae8jpeg.jpeg
45de1f34ea21069320e1ea22ac221jpeg.jpeg
45fda1dddd4065f5c27c3e8243a88jpeg.jpeg
460b6da88db8ba08ebf1eae97a928jpeg.jpeg
465a54f12e71a62903d32df6451bejpeg.jpeg
46a74ccf82001050fc1843bf0bbfdjpeg.jpeg
47199e7a72a07e48e7ce8fdbc3394jpeg.jpeg
4773d911962205c275a9460ad00eejpeg.jpeg
477da2e48eb23aab60142e66833f1jpeg.jpeg
478599844846adf70e6230ea4cbd8jpeg.jpeg
478d64cd5ed2a373aca9df760282ajpeg.jpeg
4790891e2b66ce645cf5de5f34e9ejpeg.jpeg
47b50dec4e1e64557eb0afc13ba9fjpeg.jpeg
47cc1c1c4b275fa9870b78540cba9jpeg.jpeg
47e5e12224041298fa75ecf5c7838jpeg.jpeg
4801aec532624eab3c3b9bf0c8785jpeg.jpeg
482cec39939bc9d8f6f8b3f3b2646jpeg.jpeg
482e6f3d31556ca057900883e5322jpeg.jpeg
483d5bb62077864447c1749dcf6eajpeg.jpeg
4871dd9a5aa193b86c1760ecdf2bcjpeg.jpeg
48949d19b08a47c7c955afe180696jpeg.jpeg
48dd2dd2860e53e61d6009de39dcfjpeg.jpeg
48ee2d2332915b6f3982d5e5726f1jpeg.jpeg
492d14aab365b66391f990c23ef8bjpeg.jpeg
4951f53716daa4e686d384c50c3d1jpeg.jpeg
498ca0965dfe4b877d62c7bcfcc4ajpeg.jpeg
499bdab8b6bbac74a3bd5ae53b9f7jpeg.jpeg
49a93957a5afb6918b0cd35d231d0jpeg.jpeg
49ae1ee19a0c6707a8737471d8d42jpeg.jpeg
49bdabfd1e1c01b53c4ed852bba6bjpeg.jpeg
49d9738862b7a6018b67d2390f711jpeg.jpeg
49ee9bc53247b1afe7196d36723c8jpeg.jpeg
4a2ebbdf97e562a16798b4dc562b1jpeg.jpeg
4a310605de121bd50f89f23f9a7c0jpeg.jpeg
4a42b8c271271fa66443fc3115829jpeg.jpeg
4a492308799d768ca206d0a122a58jpeg.jpeg
4a4b2f015d6b10ebf6247ebfd4adbjpeg.jpeg
4a4c45fc4d55e625a574798995bccjpeg.jpeg
4a6b6b9d042c64c286c820dc93ab4jpeg.jpeg
4a7dc6d441b82da9fc24268ea22d2jpeg.jpeg
4aba2bfe29bd6f037fa65e6a92bb5jpeg.jpeg
4aefe9ccd87cd9f592887b1bff725jpeg.jpeg
4b011ac689842c626c583eec449f4jpeg.jpeg
4b5ae65c0f4bf6cd1b57d409b3bf2jpeg.jpeg
4bf52e4fbf7ebab11f8bccd7a19acjpeg.jpeg
4c0f245552abdcde45815b711abe7jpeg.jpeg
4c251c82885d3c2f6232a83a4480bjpeg.jpeg
4c4c19b09c2884726a0dd808c9ee3jpeg.jpeg
4c4f626d314fb8bfee29ffff10c99jpeg.jpeg
4c51a9df762227dbccb9cd6baae32jpeg.jpeg
4c999d3dfaae0a710b157776c6bf1jpeg.jpeg
4cc7556e19d0bcfbc28f99a6e7c09jpeg.jpeg
4d2d37e2aa490b2d3e1071ba288a7jpeg.jpeg
4d4dbc0b419c1aa75a61e704ab3b0jpeg.jpeg
4d8021bb8efd035982c1b5f2307cdjpeg.jpeg
4da12b20df6814368eebb6ddc4091jpeg.jpeg
4dc111fc99cb703552acf593a3f1bjpeg.jpeg
4dc7e0b5ae89460cde0122bbc2c54jpeg.jpeg
4dccd6b81ff195bfca483c6bb7aedjpeg.jpeg
4dd76bb8fdb2842b835e8b136430fjpeg.jpeg
4e0cbc74cfbf888d70c7cd643afb0jpeg.jpeg
4e1c5b366337ea7288d09b56980fdjpeg.jpeg
4e5494b377862c44a2480172d824ajpeg.jpeg
4e7bbf5acff90acdd33f9c034ec73jpeg.jpeg
4e8be67f28ac8657170173b978e30jpeg.jpeg
4eb234f06d6184300451686a36a3djpeg.jpeg
4ec2643e5cc8ea5bafe528797418ejpeg.jpeg
4ecb3b089718accb6f9aec5e6060fjpeg.jpeg
4f5404bc67f74af41efb0b930049djpeg.jpeg
4f93e29955263a9bed854a75e20d7jpeg.jpeg
4fa37124a9b576404acc203e291dfjpeg.jpeg
4fadb94400fcaefe2ed3cd5bfa903jpeg.jpeg
4fd4508a7ab07bf17575069cb9af5jpeg.jpeg
4ff748f58e5569bdca48fa8628ff1jpeg.jpeg
5036dad33a20d1644b2eaf82b54e3jpeg.jpeg
5049aa77c23bb336191d96f88a038jpeg.jpeg
508991212d9c61d9c54e0dd595cbdjpeg.jpeg
50966a2d12ced73d9137e8c36b6c6jpeg.jpeg
50bfbb15e7210d21d09f20d376e54jpeg.jpeg
511cd5e728ec54e12795b40ee70e5jpeg.jpeg
511de73332fdf616ef58b94272781jpeg.jpeg
5141d3b4b69b5a7cd90ccd48ebc10jpeg.jpeg
5176c459fd7b29cedd412f5538e65jpeg.jpeg
517d7506c7ae9fb8dab592fa10261jpeg.jpeg
518222ff2d2ab4d401a6ae7b188aejpeg.jpeg
519684357cd4f787f3c20e1bdeff5jpeg.jpeg
519b13957d7d13bbde79b1d99cceejpeg.jpeg
51ab5829337d3b849eb541d71bf63jpeg.jpeg
51b54ce95f2f066acff3dd4a77c8cjpeg.jpeg
51e7baded598f933f40bd1d558445jpeg.jpeg
5202f4a3232e55fa93b1a032ba0d4jpeg.jpeg
5209f0bef0a5ff9d6155e9cc46885jpeg.jpeg
520b1fd63e36feeba735e3cc2706djpeg.jpeg
520c695f6ddfc948663be942f7118jpeg.jpeg
52206c89de3b127b5f410729f40a2jpeg.jpeg
5242ed81fe5bec2308879dafb00eajpeg.jpeg
5245e6c4e547e8a32094316ea46eajpeg.jpeg
525b8963d14f924a1a4b234583e05jpeg.jpeg
5299e55b345cdafe4ff6cbfad9382jpeg.jpeg
52ad409643453f2e7ed5a8ec5736djpeg.jpeg
52ccd300e38777cfa4b914361631cjpeg.jpeg
52f70a76ffa0f7bcb6336c438e646jpeg.jpeg
53279c68b6444fbeaa55d830bf5bbjpeg.jpeg
533ee3a41f8d610cc1ca478169f1djpeg.jpeg
534490512896603dd772a08ee112fjpeg.jpeg
53550b91f87e5ed971ac74514f3eajpeg.jpeg
535c25ccbefd3508e288dcaf30d25jpeg.jpeg
536a5abea4af44d434bc834b48d7ajpeg.jpeg
53a1df1e9b508edef4f28602cfeccjpeg.jpeg
53aa612c4f76a506ad09cca6f162ajpeg.jpeg
53ce3e8a791de708e91ff19e64de2jpeg.jpeg
53e7e0a5d66dfecb21dfaaec33281jpeg.jpeg
53facc94e272aa9645f1eb3bc5f4ejpeg.jpeg
5403bcba3184c56c46a9279fe60ebjpeg.jpeg
5405e4428fd6bd1fcf1d1f12b065ajpeg.jpeg
540b9bf132d38699c1b338669d8e2jpeg.jpeg
54144db0d3acc07ece9807f521835jpeg.jpeg
542893e6b9d212586b4d8f1ee1d00jpeg.jpeg
543782b34f0ee886e93aec8f6155bjpeg.jpeg
54510e902a966ecd2e2745725dff4jpeg.jpeg
54678abe70b327a7cc19ba82ee251jpeg.jpeg
54708d92a39f7634cb17fcb9cea91jpeg.jpeg
5478e58764e001109f8e90eafb081jpeg.jpeg
547d54b8792f3026362555f5149bcjpeg.jpeg
54a1ed7b163b73a9dbd80d6bfa112jpeg.jpeg
54ca3aa71250de50b727e1eb15423jpeg.jpeg
54d5f1d4e441fbe70ef919527a03bjpeg.jpeg
5505d7784427c6ff7671e0a5d35bcjpeg.jpeg
550f6b8be3af498a6d043b0b7ed8bjpeg.jpeg
5516732c4a0e907570f288f5eb91ejpeg.jpeg
5539a103f7efec3c453cd45310ecbjpeg.jpeg
55ff9eaf4433cb574befb922dae6djpeg.jpeg
5620f302683b7c83106599add1af6jpeg.jpeg
5664b4080b95b91fc1fd8d46afc6ejpeg.jpeg
566ba8a8e1d11b775a90020adda59jpeg.jpeg
566d95f6c3c2fee32dbe0de381cf3jpeg.jpeg
56a2b5aee6c97e9a724e8a26ed898jpeg.jpeg
56ada8a0d1378cbe518690e25c057jpeg.jpeg
56ae64eace90855d64195b3647f4fjpeg.jpeg
56f9b8fc4ba80d619b43832c5b2cajpeg.jpeg
574d7b272689a5a300596e8b08ee5jpeg.jpeg
574e0d720459d16bcce2aa068130ejpeg.jpeg
579cc9fb583ec02233f7ccffca064jpeg.jpeg
57d04a9c225abf90c4b240017979bjpeg.jpeg
57d1d0d942a21125d2cbbdbb07185jpeg.jpeg
58034cb578486b1c4d8ddc6c12cadjpeg.jpeg
5816f7b88873d5c186685e57d918ajpeg.jpeg
58275172b790172ec5703d1e3f023jpeg.jpeg
583fe59c3b9f95035b3e07f7403a9jpeg.jpeg
5846bb6805b72cbc67440d0bb7a68jpeg.jpeg
586a4034c7910e376e986bd2eab6fjpeg.jpeg
588dbe6ab0c7d5e1d559eb9514aadjpeg.jpeg
588f3da49185a56d34e50577895dbjpeg.jpeg
5892cf891ca723874f7ae4583fda2jpeg.jpeg
5896259626328cf00e4061e4c93f6jpeg.jpeg
58a2e7d3431e581a540dea0119044jpeg.jpeg
58ea584aa585068756994a2092f08jpeg.jpeg
58ea6418dc53108e5a483ebfc3ac3jpeg.jpeg
58f33676341b353eebb6d2031ab8cjpeg.jpeg
58f81e6b34aafbe76baed2db34aefjpeg.jpeg
5913ed78cfddc26d41fb289aac844jpeg.jpeg
5917e15c598cf44aba1380ac7fc25jpeg.jpeg
591def619069cb4f83af898919555jpeg.jpeg
598a825825585f30491d9b8d79c08jpeg.jpeg
599723c6fe1d592abb36bc1388e9ejpeg.jpeg
59a0230db8677a4dfe3fb2d5262cajpeg.jpeg
59a6fbb6863cb18884f86ca2d76a1jpeg.jpeg
59b0bd0824f16179d512d3bb16e78jpeg.jpeg
59beda490370e1af03d2f036398e3jpeg.jpeg
59cedff8a767dc3fc4c4418bd2434jpeg.jpeg
59df290a522d12b74d94a49594458jpeg.jpeg
5a0364aa51a3d83203a9d50034bb0jpeg.jpeg
5a05a89bc24bf277f20eebcc14be3jpeg.jpeg
5a08d47ec8f98e301ca45a111610cjpeg.jpeg
5a17224f760a39e70c318664332c9jpeg.jpeg
5a2379e05e225eb52b0992db40b46jpeg.jpeg
5a77d1209f6fcd4f6b2b056dc4c6ejpeg.jpeg
5ac1ea3ffb5b140b5f06dc4142247jpeg.jpeg
5afe91f9d89cc8c5aed0bbc8d65aajpeg.jpeg
5b1c3eceb320000f2ea11749b2d1cjpeg.jpeg
5b4329a37faed96452b59b987bc7fjpeg.jpeg
5b43e3480543d546f02f704cd37eejpeg.jpeg
5b4573b375af4f7cb62258aa92e28jpeg.jpeg
5b95b54e84b68a629284260414bb5jpeg.jpeg
5bbe4a46ac30ef99574253fd3b51ejpeg.jpeg
5c0b47b0970cf58161c57912165aejpeg.jpeg
5c209d976c77734db5d680bf794b6jpeg.jpeg
5c4813061107b1f578d34e989643djpeg.jpeg
5c7208104c8c9e44a60f258d8a758jpeg.jpeg
5c7d6fb72cbf7a73e3f27b82dee37jpeg.jpeg
5c9018e7686a0cb47fef220eadf55jpeg.jpeg
5cb192c38ee23d89f975724373ae7jpeg.jpeg
5cbe68e0f1ec25f27a1c00746e004jpeg.jpeg
5ccba35078b3d280661dd699610c7jpeg.jpeg
5ccede90d5df05092ac7eae57fb3bjpeg.jpeg
5ce52eb21d347231bc65a1fc4bd2djpeg.jpeg
5cfef19f037b839d5628610cac9eajpeg.jpeg
5d610451b329cc499fd5df65ba766jpeg.jpeg
5d921787d539ca032e56af92233eajpeg.jpeg
5dcfd64c996f35ba47b319c791d4fjpeg.jpeg
5de005822698f20ff00e5a29a98e5jpeg.jpeg
5df7655a4c5a8c6f4d0599fa7df98jpeg.jpeg
5e236de2f16081efc18a22c69e742jpeg.jpeg
5e3ea895e422937b55870e55a96c1jpeg.jpeg
5e441b35a55f9e41ee1588578ae76jpeg.jpeg
5eb9ec062ca8d7b02109f849c1fbbjpeg.jpeg
5ec2195be80ab120dcdce90a070d6jpeg.jpeg
5ec918c77bee6af0a75e8c444a496jpeg.jpeg
5ede239e0a97958239dc95bdee10ajpeg.jpeg
5ee1856a2cd086a24995b7880d21bjpeg.jpeg
5efa4c312c598a9de6de9739aa3eajpeg.jpeg
5f091c4a61f602b679f32f63cbc95jpeg.jpeg
5f0eea76e966844afe98e3cdc4c2bjpeg.jpeg
5f131f02f2dd7b6bdfede79d1b303jpeg.jpeg
5f165bdfa555d7cf192f8e2d47012jpeg.jpeg
5f320d41fbc03bde6811d2835badfjpeg.jpeg
5f5cc9530a87c31a22e57fc1324c4jpeg.jpeg
5fde1b2a12bab653b681305092cc1jpeg.jpeg
5fe6c2446d43c87f468db36cafde9jpeg.jpeg
5fe8d994477a3c6fba313bdf03c76jpeg.jpeg
5ff3da7205b8aeedf1ab5d1cff11bjpeg.jpeg
5ffa305a77d6aaca3f8adbfe0e5f5jpeg.jpeg
60254689680eb90c2f26cb79987cdjpeg.jpeg
6045163dacb91b603d76a959f0a3ejpeg.jpeg
6062f6c7918454c6d5ad92f44c55ajpeg.jpeg
60702344599afa0696ff8262df355jpeg.jpeg
6089b61a29e2d059787df366b6a35jpeg.jpeg
609524bca7075d313f93955d6dd19jpeg.jpeg
60aac51e8857d844cbc3cda2a5035jpeg.jpeg
60b839229432857d7b41770a80e80jpeg.jpeg
60c0e353df5df4a568d4df4d40e7ajpeg.jpeg
60dc3155cd4a6b47e49a3ccd8c2f0jpeg.jpeg
611190fbad90a3377fc8e23f52b12jpeg.jpeg
611cddeda531e1488c80b616ef7aejpeg.jpeg
6142ebc2e4b9f83bdfc8f1d5cd5dfjpeg.jpeg
616c52b588195c1c3e278411dc8a5jpeg.jpeg
61881bcdd59453b230044e354a849jpeg.jpeg
61a4aaa2d9aaa498c19e264651158jpeg.jpeg
61cea83363ef90a8e337688cc81e1jpeg.jpeg
61e21e6310839736e671e9aad25d5jpeg.jpeg
620ffd78e5726a1e2f302189b8853jpeg.jpeg
6222a4fbb4d5b0f83ddc86b5c4684jpeg.jpeg
623ceac9636cbcc992ec8591e8264jpeg.jpeg
6248bbf6eaca450cfef9b6516ff82jpeg.jpeg
6258f923e742b982136ef3fc45136jpeg.jpeg
625e9efc1eff723e60dc7c99e79d0jpeg.jpeg
627325c84efb5181586080281e389jpeg.jpeg
6298754f54cdcf3112f1b7a03f231jpeg.jpeg
62a2cada344ad4ae9ef87edca52c1jpeg.jpeg
62bea0fa23be70f65ef964e35e78bjpeg.jpeg
62dda7ba3809aa0c7ffefdad9d3d9jpeg.jpeg
6317f6a9b7169254b03194d78b6a3jpeg.jpeg
6319fc2687614f7d60289625ad7c2jpeg.jpeg
633cb26520c882c381ccffc42bdc4jpeg.jpeg
6351135606fbeea97d68daa323e52jpeg.jpeg
635baf15b0b04d98d3cc81b4859e3jpeg.jpeg
636f084ad6900f3392c9b6380e78djpeg.jpeg
63c0ca2998afe176a93322a8e18b4jpeg.jpeg
63e1b4f28ca79629980c646aff5ffjpeg.jpeg
63e61bd0c1a741d4bfe90cf09ea56jpeg.jpeg
63e8ae2b1137f5684720c4f0ffd28jpeg.jpeg
63f5f9cc83c90477b004d2defac9ejpeg.jpeg
640cc011d7a86ee17f98b0fff9fd1jpeg.jpeg
6417871f3e6552c63a20ae415470cjpeg.jpeg
6452eda73e986f2475a5806841e1ejpeg.jpeg
649c315b0dd1a3e7f088e0056aedejpeg.jpeg
649eb21238c62351ebd44a8bffa3ejpeg.jpeg
64a3a3c6e88517617f3d481a25ca4jpeg.jpeg
64bfa8c8a689caecff68bb942a237jpeg.jpeg
64c9325f24c22efceb8979302bc5djpeg.jpeg
651050d4c7a3725c65989fbf98ddejpeg.jpeg
651b9cbc4f12471b46ac883c52d28jpeg.jpeg
652276e67432008a0b4a1fc40c2b8jpeg.jpeg
6536e5ada826db2e627f67270b125jpeg.jpeg
6596d6e6a3e65bce8fed16f95d4f5jpeg.jpeg
65a5a366d35c00cd819f6691c111cjpeg.jpeg
66232fa7f8ce7ed15e6d2d6b6df0djpeg.jpeg
663d960ba8bc16c0858b443cee52fjpeg.jpeg
6659f5ed38c39d04b2f13fcdc86afjpeg.jpeg
6665a2ea6c49d651d3053d269051ajpeg.jpeg
6669e7238204aaee565e9ed73257ajpeg.jpeg
667408daa03c48c5180b79e576ad6jpeg.jpeg
667f994813350ddc39a5b41ce346ejpeg.jpeg
66cafa3246f504d0628571866debajpeg.jpeg
6700f1c771d1482b6d8178a3816fajpeg.jpeg
6701ef0529bcd16a6d1a8500ddbd6jpeg.jpeg
67069efa7d4686bcf6513f2bed574jpeg.jpeg
6724f6c85b9fb7cf2b9b0dc3190cfjpeg.jpeg
672abaa6e423c1bb9c0862bfc35b2jpeg.jpeg
6745943c5832eb43729c779f593b5jpeg.jpeg
67615aea59fb9069834d92061e8d4jpeg.jpeg
67777800e81b0ea8d97009e8dac81jpeg.jpeg
67a5d9f7604ded2a2165212346c7fjpeg.jpeg
67a986533410076c89a22cb42ec11jpeg.jpeg
67df40e8dbcee6f631c98d645dd5ajpeg.jpeg
68180959ecf60a94d4e492cde677cjpeg.jpeg
682438c5a9ba242c94a7f569496a4jpeg.jpeg
682bead6daad64b056bc5ba382b75jpeg.jpeg
6833c7427bc1c59172ddecbce70d0jpeg.jpeg
686d2852a0cd3423afd9a4e69c4b1jpeg.jpeg
68c57fba310ac3eb65cb9d9cd88f7jpeg.jpeg
68fc06f704d1286f6b6237e883a2fjpeg.jpeg
69ac1cf28a58150d12c5d43d679abjpeg.jpeg
69cc163c82d2a81fd1cb3177850a8jpeg.jpeg
69cc318e2d8dab2e5c2c285bbcdf3jpeg.jpeg
69ee0075f2e83e9c0c4bf9340f1b9jpeg.jpeg
6a134040b42590872d1b067ed05bcjpeg.jpeg
6a17d9107cb4d00f9b317675038bdjpeg.jpeg
6a1ce6da245264f6b6e6be23c4831jpeg.jpeg
6a1ce6da245264f6b6e6be23c4831jpeg.jpeg.2
6a1fdd62048416f9fd2eb4eb4d82ajpeg.jpeg
6a247b259a1ca282c91715010d9e3jpeg.jpeg
6a8340a7305926936825bd261c291jpeg.jpeg
6a85c74ec88c5350f17f4a0f6982djpeg.jpeg
6a96d5fbf4fc0c0085ef105b6ec56jpeg.jpeg
6b0ae84cd9a96ca71ca7812527f0ejpeg.jpeg
6b25182593a9c6881bf234c12c318jpeg.jpeg
6b31e6d0c82081016e37d63fb5764jpeg.jpeg
6b32f26a0f16f813e0f55ae2f7eb5jpeg.jpeg
6b385b9da526672ad99078d368510jpeg.jpeg
6b717c672d08eb4cd23c1e3e56185jpeg.jpeg
6b7ce5961af582abb7453128e8e97jpeg.jpeg
6ba4bb684b8bc18555bda78b411e3jpeg.jpeg
6bb93a5cefebba0387a98cef3f200jpeg.jpeg
6bd95738a8f5a98f12e7f9602f221jpeg.jpeg
6bf689e87747fa81474d9f9265978jpeg.jpeg
6c5f90a8cd4b883d959f3e6c1f49cjpeg.jpeg
6c6678f927a4b9e7faadeeada7320jpeg.jpeg
6caa3595961468d901e763b421affjpeg.jpeg
6cef0711a97992dbffdffac3b8581jpeg.jpeg
6d1f7810ada0c972128d5a0fac426jpeg.jpeg
6d8110b7281a7e235f4d51ff54fe5jpeg.jpeg
6dc9de894d561c8a2dececeacd067jpeg.jpeg
6de47e3ed87e1adc4412fd2a5c463jpeg.jpeg
6e087704172053921405abc394355jpeg.jpeg
6e5a2f995f7810c82a9d7c4438a15jpeg.jpeg
6e78bd5f81a2cf7ace665a9428c4bjpeg.jpeg
6e819c2a5d32d42a896f17beac5eajpeg.jpeg
6eaef179b59db8f12c8ceabb41d45jpeg.jpeg
6eb792bf219063645b015eec2c4aejpeg.jpeg
6ec1834a9ab4bb375afcc0eaaaa70jpeg.jpeg
6f322ebd72e3a1bda0be5bfddb851jpeg.jpeg
6f335481a08cb2a768c564e45fac4jpeg.jpeg
6f53abff54a99e58ba09210a964bbjpeg.jpeg
6f65526e061dbce184820d96dda27jpeg.jpeg
6f6cd88dc05834984544b4ca87eadjpeg.jpeg
6f783b817c4c405701b5aa59ffc97jpeg.jpeg
6f9e0eec58ae74253fa6b668f10e6jpeg.jpeg
6fbb60caeac04fc18ed88bb919a44jpeg.jpeg
6ff6a6ec492dec823499eb5031bffjpeg.jpeg
6ffef1223a16e0d09b2c19d036747jpeg.jpeg
70046e1c1278ca82b5dba7b58ca6ejpeg.jpeg
7027231940e20bf12fc0b9c1b92dejpeg.jpeg
7028533b70b532912eefd655051b1jpeg.jpeg
70365a97fe43131b3b068b5a6ada1jpeg.jpeg
70b4a20b0a6a1d2e500edeadc2661jpeg.jpeg
70c5c8ab0d63e0d04909d729a0e0djpeg.jpeg
70ca9e2d99c08648b297c94b9fff6jpeg.jpeg
70dad0a786888e3e42a70b49a6f1ajpeg.jpeg
70ec3174dc3ce9aaf9944f7ca37aejpeg.jpeg
70fd8e5988abb69df61256fe71587jpeg.jpeg
7111ed0a8653214e23531a8026c76jpeg.jpeg
7122b3f06b25990c86cb54b25ab30jpeg.jpeg
716eb802acb2e0cfe42d8db92e798jpeg.jpeg
7175e5a686710382149cb61a03a9cjpeg.jpeg
718eeccde4c4fb5b5b5b912b930e3jpeg.jpeg
71a205006f10cc53a7ddbad861857jpeg.jpeg
71a53afe12502c6ae19d97812cb43jpeg.jpeg
71be1758141b26fb6f66bf7cb9750jpeg.jpeg
72030cb9a77267b4ec9261702db4djpeg.jpeg
7210f499cd084b1d3c5ef70ff4ef4jpeg.jpeg
72110f9626128ca3d7249ba3b4f10jpeg.jpeg
721b35bb486442449c553976120b1jpeg.jpeg
7269bb224912c31dd05d4597bbdb7jpeg.jpeg
72731228ef71ce1a844cb39f94963jpeg.jpeg
72cf923690874202edab92729dde1jpeg.jpeg
7304efd21a2f2e298b6c6d4dc12c1jpeg.jpeg
7306d4ad25fd26fad5fa176118093jpeg.jpeg
73189dff7ec665e26bbf8ef498ea9jpeg.jpeg
7326855267ac7655c469dcf5cabcdjpeg.jpeg
733454fd1f2dd568ca22c5c02f7cdjpeg.jpeg
73645e6fd2d51ddcede6fcfc6a3b7jpeg.jpeg
7370bf4ac79f1c25d78e562f72d09jpeg.jpeg
74a4e6ddee68695c0d1a2951e8dffjpeg.jpeg
74af48d963a020429c1ad0a39d038jpeg.jpeg
74b3c697ef7c3586cbf6b57b202e7jpeg.jpeg
74b9730e699e351e8ff7cba11a08ejpeg.jpeg
74cd11c59807105509b5ea0cb7101jpeg.jpeg
74d6778ba5886ffeb55f1e761e44ajpeg.jpeg
753e4e03ba31e5da5307df3c0f29djpeg.jpeg
75621713778b0a918e9694068739ajpeg.jpeg
7581d8c3fcbc7b7a55f52029c8adfjpeg.jpeg
7596a82574a6929ac0b22fe06cac3jpeg.jpeg
7599fe9e340c9768a5860d4a81831jpeg.jpeg
75da745a58ee459923113e02cc572jpeg.jpeg
75e210a3610315ba6dfcaf206a226jpeg.jpeg
75ee89ae69a9865062031b25dc55djpeg.jpeg
761af8437f207f7161323fcc33580jpeg.jpeg
76341f860ae82fd8a288d175ad053jpeg.jpeg
763ef125fca2a31668418c5e0c6e0jpeg.jpeg
7648af2012db65a1f557565d10899jpeg.jpeg
766ee4e67827519f995a082854b3ajpeg.jpeg
766efb17ed2c573571b7f26296e80jpeg.jpeg
76a1f34e2d6af9984c21d5d48abb5jpeg.jpeg
76c695faa059bea819f835ce1ce40jpeg.jpeg
76f573efeeb09fc26cf8328c5aa45jpeg.jpeg
7712989bdc7490815a3bbec08cd26jpeg.jpeg
77173f72e730b2d20c35fed8c5754jpeg.jpeg
77267b270d30fa83aa7397c7bacb2jpeg.jpeg
7739f0ae858bc2ee61f50cd727016jpeg.jpeg
7750acaaf78a882c6a9158552630cjpeg.jpeg
7756944f83ed1da33876f0e9af036jpeg.jpeg
7757333f3a093925be2ffd535ba2fjpeg.jpeg
7764053c8412cacb478db560a6ed0jpeg.jpeg
776dd03d6f077cd49f038f0d3fa90jpeg.jpeg
778a7a7785fc686aa81b02db19389jpeg.jpeg
779861ec6e380b52290fd4059d8b3jpeg.jpeg
77ac19044cb995845612509e5da07jpeg.jpeg
77bad54d8e11b10bdc674a4de8c02jpeg.jpeg
77cff007437ab507d27f3c7869856jpeg.jpeg
77d5b12ddfe9f6460dc6d05670063jpeg.jpeg
77db3f5cf255b2574066ced463fbcjpeg.jpeg
77ec31bd7a7963ec68dd4106e35b7jpeg.jpeg
77fc611940ebad96e954a8f5d84c8jpeg.jpeg
780bc67f10a1c9bfa91a1bc8fa801jpeg.jpeg
78285cabdd635a2100eca5d1161a0jpeg.jpeg
785ca7e5042ceaf40bed165815292jpeg.jpeg
789f5f5a65001723936910c372f39jpeg.jpeg
78a607570f00b9165b11e9e72ad94jpeg.jpeg
78a9d15e83b583c95cb7799d48deajpeg.jpeg
78c513200d033f221e5c9af6260f9jpeg.jpeg
78c6c34579106290673ff42a87ba5jpeg.jpeg
78dda51f8f9590088d0ccab862ac3jpeg.jpeg
78e48c79de151c7af4db1adf35005jpeg.jpeg
78f2b563075f221a51947143912f3jpeg.jpeg
790875492f3de44775401a9c6ace2jpeg.jpeg
791b1fe4ffb37364e8d6d0c5e2553jpeg.jpeg
791f20d6394ee04435ffb4c3b2ab3jpeg.jpeg
7926ef4fd08b49f5f5bedad36534cjpeg.jpeg
792f5d91de16df0a3ca042cadb45ejpeg.jpeg
79507fb4fd957b420b7174458ba3cjpeg.jpeg
796a2e41a8980ba9f22d38d595078jpeg.jpeg
79b5e06cf25b17ff6db27bbb30ac8jpeg.jpeg
79f5f69c4bd0dde50a9a5ee210554jpeg.jpeg
7a1f0c13acbfa6a456302ece05100jpeg.jpeg
7a38ce8a27690d9178f5e050ceeacjpeg.jpeg
7a4386e055e7099aa196524ef20e0jpeg.jpeg
7a4d562981b829335ad161e5ac8f0jpeg.jpeg
7a78da451c87aa55c64d271c4ab76jpeg.jpeg
7a834c197128daeb2642dc8bc1e86jpeg.jpeg
7a8e59bf43ab5bdd8d774df3d427djpeg.jpeg
7aad9df76b7367f2bc1fda629d547jpeg.jpeg
7ab9df47a95c987c296f261c97717jpeg.jpeg
7ad948670a308e4fa3ab8b2b4fa82jpeg.jpeg
7af532d1bac00350125e0a086c131jpeg.jpeg
7b1397ff043f7c43545a42e8a69f0jpeg.jpeg
7b344608abd9c9cbd5b81292c985bjpeg.jpeg
7b4645fafc13c07b5174523df28d5jpeg.jpeg
7b4aa20db942e6c21c032149d7e7bjpeg.jpeg
7b5abeac5e568dbc0107f088c6760jpeg.jpeg
7b82f304dac4386ef7e8f226f4dd1jpeg.jpeg
7b8d11a75e25acbb68186116f8e16jpeg.jpeg
7bb19526869f73f64e2e274c61172jpeg.jpeg
7bf868ade1db63e32f11617405630jpeg.jpeg
7c317220b57f37d19fe83edd14242jpeg.jpeg
7c3eb679368309dcf99fa41f7a642jpeg.jpeg
7c4d8cb86384c0cade2cc50608958jpeg.jpeg
7cba15cff71bfc54c3096aa4c93cfjpeg.jpeg
7d11502aeaa340810f3b8ab68f81fjpeg.jpeg
7d229d6b4b9d16f052f848bbd3a2bjpeg.jpeg
7d358147355f54f2573f0c409e7d6jpeg.jpeg
7d556143e47f1ec8c2958d254ee00jpeg.jpeg
7d8fa55866a63a37e52ed5d660be0jpeg.jpeg
7e07383c0f6245d8cfa3d9f9958e7jpeg.jpeg
7e1e6d88057eeb495f73191150498jpeg.jpeg
7e46c1b0a207a151618688823c183jpeg.jpeg
7e4875ab731c9e8eaf1c7403b6b57jpeg.jpeg
7e521635f733b509d10b9c0f413b8jpeg.jpeg
7e74a92323d747b7753b467c7dc4ejpeg.jpeg
7e769ef019d1c3d065408f30a7aa0jpeg.jpeg
7e8fa9d888b83b6217c5eb35e339cjpeg.jpeg
7eb9e892c05c07d04c9ea3dd7f8e3jpeg.jpeg
7ebca4864e1ddca208f0da6d946e5jpeg.jpeg
7ef4b7829459387d95c17edb2aa68jpeg.jpeg
7ef63b03618433ca40acb1e0e2af9jpeg.jpeg
7f1e862bf1a11bed3c4c6cb2a9ce7jpeg.jpeg
7f1fa600d735dfbf180af6c134016jpeg.jpeg
7f586f165e99f70786c45f193ea5fjpeg.jpeg
7f69bd88e93c867c8156b182d3a29jpeg.jpeg
7f6e4407178cbb2ba21113b405495jpeg.jpeg
7f9024f939a44927da4d14cfea1c7jpeg.jpeg
7f9fd9d57081b9466bc5333d4cc0ejpeg.jpeg
7fa353ee885c3d55c6efa406f9ee2jpeg.jpeg
7fa83b64c255be1a1860510fe1024jpeg.jpeg
7feaa406f6fb24020c9d0593c30edjpeg.jpeg
800a670a330efe863d7ca1907f6bfjpeg.jpeg
802f8215804c0e6baa4ddfcb24365jpeg.jpeg
80379e4d9f2e59b9d041eae1b60a8jpeg.jpeg
8056a854409a5f818770e633e95b4jpeg.jpeg
806e8c3d7eceeae0d0c804a52719cjpeg.jpeg
80731f29d63708b66fe1cc9fa5982jpeg.jpeg
80d4b85aeb0af7900a03c7e1d3851jpeg.jpeg
80d9000929272322642024d8e4862jpeg.jpeg
80fe214575cbb95964f2835206065jpeg.jpeg
810bf44fc65e8ecb3163e6912aea5jpeg.jpeg
812dab50abf83269e6574b58e5d82jpeg.jpeg
81429cccc58007c291ddec647affbjpeg.jpeg
8193c3079c37f7984e4acca6f77ccjpeg.jpeg
81950352f6bde4a43e1a5e52b24e5jpeg.jpeg
81a4e98fd5a859cba4f5a9748e358jpeg.jpeg
81a54009fb8ff3dafe13fbdd82615jpeg.jpeg
81beb326cefdf696ef1b031d6e0fbjpeg.jpeg
81d499399a13b2355fb042f30775djpeg.jpeg
820f023e7848582797652ba954cebjpeg.jpeg
8228b60ff20bcd239365f2364124cjpeg.jpeg
82423a6a8ea4acfb5e528c0299fedjpeg.jpeg
8272774bb97a0d6cbcf61acce78dcjpeg.jpeg
829547bc3c50771e428624ed9e26cjpeg.jpeg
82c9645a8fe09e82b989007bb9ee3jpeg.jpeg
82deb286ec59e1415b0f924673330jpeg.jpeg
83370d26cb6c7339b92566ea55e8ejpeg.jpeg
8344e27f358baf3e0932b06aed107jpeg.jpeg
8352507820c58663ae9c252f39defjpeg.jpeg
837a3f8bb638874bdfc223b996410jpeg.jpeg
83fbd2322029b7b2b842063ffa9fdjpeg.jpeg
8463194db84457d31c70a41f1fb28jpeg.jpeg
84658c71a4858758ad1a819439a70jpeg.jpeg
8467127861cf5d94160c81f0521e4jpeg.jpeg
847e778ed83baf1304f57e98af79ajpeg.jpeg
8490b6cc3b26e30f46a9ce64a46eajpeg.jpeg
84cf923ca5139eb3aecb6d024bcd6jpeg.jpeg
84f0183642252221ab05aa505b156jpeg.jpeg
8566518716b7c0cfcdb9bcbe6a0b3jpeg.jpeg
8567fe8706ca5e609072bff7917f3jpeg.jpeg
8572373cbd953cdfab0d62f47421djpeg.jpeg
858c5ef3c54af0187309a4c859f38jpeg.jpeg
85904f62ef8c125a32989cfe35626jpeg.jpeg
85e161a37c8f1fa39697c0cb9ff6cjpeg.jpeg
85f3cc2231b3e78a8018393dda447jpeg.jpeg
861476cf781bbc6b2c0e1b37dcd96jpeg.jpeg
861f6cfbef72e896083f7ef5a7b33jpeg.jpeg
862d6d5b59e14702eeaa73a3dc858jpeg.jpeg
865ae6a074489235160880c866e93jpeg.jpeg
867d8fdacfb7c5cdec89738114b9djpeg.jpeg
869512482c2da6b1f0aecf7698afbjpeg.jpeg
871017159865ed925de3f45147e2ejpeg.jpeg
874ff13759bfac0df450c644683c3jpeg.jpeg
8773c9c96296e2e00a6f814be263djpeg.jpeg
87ab710b8caf4546e6cdcf1dd3552jpeg.jpeg
87c49b2510a817ea63446aa4593ecjpeg.jpeg
87dcdab9ad4cec9c3d3a824303119jpeg.jpeg
8809edb7e0a73486fdc0ccf48a8b3jpeg.jpeg
880e183eb2a8e462037a598ce4ee3jpeg.jpeg
8867668e73ceed6f949cf516fff57jpeg.jpeg
889d6c966092d9c48bafde6f95c93jpeg.jpeg
88c1b994e59c70e2cfc9b71127652jpeg.jpeg
88d021a8cf8a5918e4a9055aa6159jpeg.jpeg
8905bfe0008c7662a07c1797df658jpeg.jpeg
895c665932bed4cc346990015ac8bjpeg.jpeg
896bab1861b461813c9a2a431b5b1jpeg.jpeg
897081a7832c736e4f8090d871d48jpeg.jpeg
89865986c0018701a433148af742bjpeg.jpeg
89886c288f977b4f55e6385d36273jpeg.jpeg
89886c288f977b4f55e6385d36273jpeg.jpeg.2
89a27384e9da3c79e38045a5fb204jpeg.jpeg
89b2e0be4033f56e96e9f813a4e7bjpeg.jpeg
89e7ec08919590c255427332577b7jpeg.jpeg
8a3e7015137b72220948dc8ff8239jpeg.jpeg
8a4c371192a4c498eb1ebd2e6e96cjpeg.jpeg
8a561dcf4f7b3f6fd71ae5ad67273jpeg.jpeg
8a6f3e34d5043ae7de7d56293c1bcjpeg.jpeg
8a8d0de86589c107ca40efac708c1jpeg.jpeg
8a8f0943bac64eefb5a6e3ca49310jpeg.jpeg
8ab7a58f7238e789175069ed6ce07jpeg.jpeg
8ac878889e084aa3dbbcb74cfae64jpeg.jpeg
8ad7b6ec83b4ffd1fb4e8c710fad8jpeg.jpeg
8b01c0ea38a4bce9c3d6d134f0826jpeg.jpeg
8b26c47a0218fe7f81fa4d6f5ba2fjpeg.jpeg
8b2dda5f62e83bb4d28899ab909fdjpeg.jpeg
8b378bca354c70790d45a48f59d07jpeg.jpeg
8b5245fbfff4f88dadcec1b80725fjpeg.jpeg
8b8fd96f02217b42f32dc3dc972b4jpeg.jpeg
8b9d7c12261b643db1a94b06af19cjpeg.jpeg
8baf4a119c9282843746bc789a62ejpeg.jpeg
8bceb2a055d9a4665148e2252a9b6jpeg.jpeg
8bd0bed42ca92bf7daf1512def34djpeg.jpeg
8c131f4a7395501d1944899baf3e0jpeg.jpeg
8c4db87629b796b63acfec4e61554jpeg.jpeg
8c82955a3798b9482d13094acf998jpeg.jpeg
8ca86a9a993f1c579d583d9e6c6dcjpeg.jpeg
8cd25c264d70750cdcaeb8181a909jpeg.jpeg
8d067294d29f30817a4b862417a0djpeg.jpeg
8d449f97c8ffa57b1314a75ff3751jpeg.jpeg
8d4cd4f26f5bc4f231a0d3ae9b431jpeg.jpeg
8d9d322901b0345c92009e07f378ejpeg.jpeg
8db305f754b49d3d5f911cefb369fjpeg.jpeg
8db33d6b9e32d67ce00e8e1e61704jpeg.jpeg
8de2f5a52728081d8ddfd4cc441acjpeg.jpeg
8de6a21f2add44efc4e09ae37e0cfjpeg.jpeg
8df3ee9efaff5d7d3a62d1d3f51a9jpeg.jpeg
8df535f82bdaa609fedb21376f21fjpeg.jpeg
8e0af529fdfc66c090f7c57cacfcejpeg.jpeg
8e2a8f2d8a78ad4f9bd221c83dbdajpeg.jpeg
8e37762084657642c42625fcc3016jpeg.jpeg
8e51e9aa7854504b74c0fad30e688jpeg.jpeg
8e8894c4b5299d8ff2735afead7f0jpeg.jpeg
8e92beebc666c03775af1edb3ed42jpeg.jpeg
8eba54b43f6dfac1eb8126dcc5c3ejpeg.jpeg
8ec4ee836e56e894dc6ed18240b89jpeg.jpeg
8ecb51e038fe2bf0f5597bd78b84djpeg.jpeg
8ee6377f339655c1e919b7a402af1jpeg.jpeg
8ef207c4df65cfaff98d01e8ff7a7jpeg.jpeg
8ef4e2dfc168c81d77bfc7234ea17jpeg.jpeg
8f016ea67222555cbe8c1de7a6ba0jpeg.jpeg
8f0635298ed8f8aba1b256fc52c62jpeg.jpeg
8f1b8f393a45c4d8352b35fe2e22djpeg.jpeg
8f4993ed5f9eff7c2d25705111c0ejpeg.jpeg
8f62021dda625d2c6497053c51ccfjpeg.jpeg
8f800d062312e1eb8335564c691a8jpeg.jpeg
8fbf75ca359d38303ac89891a0a11jpeg.jpeg
8ff35bacf3b32ea13a3bf909d481bjpeg.jpeg
90008eaadacdc34497692d1f56808jpeg.jpeg
9015938873d18bc326c9e6354f2b9jpeg.jpeg
9032110cea57164d953093b3bdb05jpeg.jpeg
90a6dbf9009bf66ca682b12257555jpeg.jpeg
90ff55d533e223b5c97f286bdd19fjpeg.jpeg
911778f309378fddeacbd149dbf2ajpeg.jpeg
9128919c51bfdd4951c7d520ea9fbjpeg.jpeg
9133c3a175630bc6860cffaf30891jpeg.jpeg
91753c2f95bc8537d40f9e2bad395jpeg.jpeg
918792fb10524e999558408aa5187jpeg.jpeg
918aac435272535b51fb32f093d7djpeg.jpeg
9197f45b30958662231602c9351b3jpeg.jpeg
91c75ec85d8920746539db701dab4jpeg.jpeg
91f66fbfeba4c4bd3582b26664094jpeg.jpeg
921ad393434a132f3267c216d1275jpeg.jpeg
926c6b16547412d3d6516ea718fddjpeg.jpeg
92a0da2dc0f2d11b1bb297b7fc041jpeg.jpeg
92a3953e4b74d4f5ca86d4286b108jpeg.jpeg
92a51ed2574e98db41ce76ae487edjpeg.jpeg
92beeae4d2ca78b532e7d38865b0bjpeg.jpeg
92f1ee731c3ac3e5d44920715b8e1jpeg.jpeg
9302604cf9dce85c422fd008b2baejpeg.jpeg
930524eb0551adae0ef6e79515636jpeg.jpeg
932bfd356f7bdf5306eda70c62b68jpeg.jpeg
934bdfb40bfd94a3fc9a23a5b725fjpeg.jpeg
934e1947671d6105eb3b0bcce9a75jpeg.jpeg
9354d10d94c340f8a895a8260204bjpeg.jpeg
93627087d8cca2946c04a2100ae8ajpeg.jpeg
937aa3f262a5178de068845c8698fjpeg.jpeg
939d3900254e668ab6abda66aefbfjpeg.jpeg
93d065613a5a4933b983738e72bf4jpeg.jpeg
9401098228bbfd5a3f44cfba1df09jpeg.jpeg
94146e6a778df1dfe7b31d386cfedjpeg.jpeg
942399f524b12755e613fd81c7990jpeg.jpeg
94376c4c974890425e70a530d35d9jpeg.jpeg
94476a4499ff4b16825838fc1efe9jpeg.jpeg
9455d5715ba6f8253ee35176abe88jpeg.jpeg
9476833613aaf0b55f4eece8ed9c3jpeg.jpeg
9499d80f59c432cef154cf28cbfb5jpeg.jpeg
94aea5ff73a27460ed1c1f68cb97fjpeg.jpeg
94d7114ff721226d7f8e08dfc6991jpeg.jpeg
94d936e0e2b7ae2f27377940fa8bfjpeg.jpeg
951791cec785cfc168303fffab044jpeg.jpeg
95307d88f323cd9c78b97c0eb553djpeg.jpeg
9538a9fda2cdd5019c5e03d048226jpeg.jpeg
95645ae9e7b9923c9b3155e1c0902jpeg.jpeg
9589e2d37b744503d4842266a582fjpeg.jpeg
958a429bb258b042f2968fa9c0f65jpeg.jpeg
958e416b1b73f9ef46784dd84967ejpeg.jpeg
95a95cc67c50a5dedc6579582400ejpeg.jpeg
95e0ca9a63a18060caac331b20fe7jpeg.jpeg
95f402fbd1593514ddb0c9f861ea7jpeg.jpeg
964537ec07cb493c90e331c94556fjpeg.jpeg
964dc0c46e95f1669de1832760a99jpeg.jpeg
966d0ba5a2a86d6a890de252728d9jpeg.jpeg
9696b1e90d823d07815b13062d3bcjpeg.jpeg
96b651be6d5e4d9d1251771fe169djpeg.jpeg
96cffc8ef628ab7808738bc1ab5bejpeg.jpeg
96d6d5d64666055987ff61e4888c3jpeg.jpeg
96d857d7ecabed60ff1cb5f52567cjpeg.jpeg
96e72627be147970130387b12df51jpeg.jpeg
971aabc2bf54a14e36c2620aa5769jpeg.jpeg
971d957411782562d3af091721ba5jpeg.jpeg
973fd2fafd5ba1d609f81bf06d379jpeg.jpeg
9770f0f4f8768c73fe7ce49816183jpeg.jpeg
9772d71332bdf0fdbdb8f988c0106jpeg.jpeg
97d29f07db38f859763386d89f996jpeg.jpeg
97d41278575312f157aa732714bd7jpeg.jpeg
97dc0f9695d9c4b1aebe5ceb9ad33jpeg.jpeg
97e4dbe9375cb3676228c9aea32f9jpeg.jpeg
97ed9ee5bbd427bf5db2cc9e6fbddjpeg.jpeg
98025246dfa1bdd0a266a36c32d75jpeg.jpeg
989ac9516036341bfe207566844bfjpeg.jpeg
98b60058a81e387ef1fce99b3b0a1jpeg.jpeg
98d342ae33e9e9ec5c4dd4a35148djpeg.jpeg
98d4e102783cf048e9db4f69e43b7jpeg.jpeg
98f7c840401962081f7fd976adedbjpeg.jpeg
9933e4629074844a9e86e5248da68jpeg.jpeg
994ff6d5b2de21d9757bdebdace14jpeg.jpeg
9962b4bf73e9b107b9b7077c926d5jpeg.jpeg
999adb877773c2f74149f3f5ed664jpeg.jpeg
99c3a4187ee8a2b5670b4af5f0029jpeg.jpeg
99ddd7606c7b8622732582c41b4bdjpeg.jpeg
99e203cb8854038bd03cfbccf22bajpeg.jpeg
9a28d423de287c4b4e1b2a560abdbjpeg.jpeg
9a405339295b3e04bc945480b5ac7jpeg.jpeg
9a6e8265514142736a49868536b37jpeg.jpeg
9a83c052c5ed9be3882f8ca940106jpeg.jpeg
9aa689e986d22a071af1399c6ae08jpeg.jpeg
9ac38ab1540a051ef2eaeec1f96d1jpeg.jpeg
9b23429750fedd94ffcc519270a70jpeg.jpeg
9b4843a84fd7046a185d18d4a95e4jpeg.jpeg
9b4f1216126c8a37a5632baec9dcajpeg.jpeg
9b70b5470b4e0595b4a2da561012ejpeg.jpeg
9b727602cb64d8caa79168d068e1cjpeg.jpeg
9c06a2283df4d00b8d24b8798379cjpeg.jpeg
9c1a2418bc76d1a2843fca6917662jpeg.jpeg
9c2ef6eaa2df3dbb4bb86e686e30ajpeg.jpeg
9c7880d748e7821e846b0dc4177ffjpeg.jpeg
9c7ab5fbb308bf162e5fa1e504784jpeg.jpeg
9c8ea5162ba5735a152f57d6606dejpeg.jpeg
9ca00cb0530a7e2d5ace5e556487djpeg.jpeg
9cc53877d37f526f8779b256a3f20jpeg.jpeg
9ccba44e4ccc156f35e6240ab18e9jpeg.jpeg
9d07fefcfcbce2f8c18d70f013b7fjpeg.jpeg
9d300bd0c9209d1c3331a26eaa6a7jpeg.jpeg
9d5efa8e443acf228587dfb124fe1jpeg.jpeg
9d8122f78ae2999382f3527fcd49djpeg.jpeg
9d87b34925dc6b42cdbd41ab1b10ajpeg.jpeg
9d8a250e1a2db45ffde80e99e03f5jpeg.jpeg
9d9b2862a36ce837f3924725a055djpeg.jpeg
9e0b986e1b31af4d9d63ff6863939jpeg.jpeg
9e0de7c91237489e1ef552ae1568cjpeg.jpeg
9e123f0b0a11115951a9868f32ce5jpeg.jpeg
9e21ddba70d4387e18815cb57c9cajpeg.jpeg
9e58190fdad033129833828f8e037jpeg.jpeg
9e72957bef0c28e59accd0c37c550jpeg.jpeg
9e929a0f88138d4f67cf41005daafjpeg.jpeg
9f85ba3e940585dadd7c4f6f775dajpeg.jpeg
9ffddd6992c403395aec88708dc16jpeg.jpeg
a019e7b60ae681b4977da2925a28cjpeg.jpeg
a023c866e26159ddb04d8fb7118eajpeg.jpeg
a04cf708ae9513e801b07219189f8jpeg.jpeg
a06192a701a9bcb36b9a82fa1a565jpeg.jpeg
a081173bba1f5dbadb25875535a62jpeg.jpeg
a0eeac9da63fdf885b1d976831847jpeg.jpeg
a0fff5e354ed18a12e2c35251d1b7jpeg.jpeg
a1219ee6d2a64408d816e6e3724aejpeg.jpeg
a1414423d3ec8686d04694f72d738jpeg.jpeg
a14bca99c32624d8c63791f274d04jpeg.jpeg
a160d711fdfdd6425db72089e7dcbjpeg.jpeg
a17c2ad58c9feeb04d90141300085jpeg.jpeg
a180614a2dbc2851e7781ad5c8c7fjpeg.jpeg
a1875b3994a46bf0c5a236952be54jpeg.jpeg
a197fdd196df710d156a795e1c0dejpeg.jpeg
a19dc81cafada4de09e25633c7027jpeg.jpeg
a1cde63f4ea5925644e85bf302cb9jpeg.jpeg
a1d7e0ddbb137fac621aab4da2c9bjpeg.jpeg
a221574de8ae08aad07750da5b749jpeg.jpeg
a24d474aef7ea882d91cb799ecfc3jpeg.jpeg
a24febdf893b6591c80b453c185c1jpeg.jpeg
a27af9d4130325e2ced2360d7802djpeg.jpeg
a2a40bb0c1ef447e617700a0f183fjpeg.jpeg
a2d91272d29a4a2f144a15bb17035jpeg.jpeg
a3044d0c8d5d578faf1509b21baf9jpeg.jpeg
a320a570645abc64a9a5b960c6f5djpeg.jpeg
a32b77467048012755dd964ccfe28jpeg.jpeg
a3479d58a2cfbaa886df9e0db1aaejpeg.jpeg
a34bb5c93f2d431a366e58511ece7jpeg.jpeg
a35f5263b177bb1a871a705c375c1jpeg.jpeg
a396bb0fd368933783725e501c25cjpeg.jpeg
a3ebdd9c06a1a32836a8dd414fd86jpeg.jpeg
a3f39b456a52ab30dc5e9ab8036c7jpeg.jpeg
a4042821ab21ed186c745bb4d693ejpeg.jpeg
a40f4dee337c263c7dab5826bfd6ejpeg.jpeg
a41ffde7f963c1b703a17ef844538jpeg.jpeg
a44dc33d8d7f231f6ad7a994afb2djpeg.jpeg
a4c9e490cc2f0997dc79e6f72c9e7jpeg.jpeg
a50a34d4c8687b73da0842cf6c5bbjpeg.jpeg
a520edd69b05e792d335fcb1d3bdejpeg.jpeg
a52a92f19352b22d717e31255ed6cjpeg.jpeg
a53b80a98740622256da131dc8a89jpeg.jpeg
a548106a9b817b54e7aed2158df41jpeg.jpeg
a567b50d659b849c79fe448dbb68ajpeg.jpeg
a57780251e27ee85c12fc88ae25fbjpeg.jpeg
a5858f89dd7778986bb1b69864da1jpeg.jpeg
a5b70c670322b89fc50b7cebac331jpeg.jpeg
a5c5f7cb324664a3e3f7d4c6b95e6jpeg.jpeg
a5c7b00071d2160fb2416c96194a4jpeg.jpeg
a5dd240bc7c2c2c73b6375d7215b1jpeg.jpeg
a5ef96c6e411ffcdc5f23b72b0700jpeg.jpeg
a5f051e40a99bae2d0fc8b0ac0773jpeg.jpeg
a60b39be4b189e5432fa4a11b0a13jpeg.jpeg
a60dc7e0793c7ae30de630bc618a7jpeg.jpeg
a6104126f28831f39a81fa18e5b99jpeg.jpeg
a6287f4f5fd9da7ede2309591d55djpeg.jpeg
a6425d897f5188233b51670f63c81jpeg.jpeg
a66e70b4f31eb4bfe8e5aa3cb8f92jpeg.jpeg
a6bfb08a2080dc2e4f78affb8d2f4jpeg.jpeg
a702091284334bcbd025655f420b7jpeg.jpeg
a70b88bd64db050bd19e4078afd1bjpeg.jpeg
a742096c3a1a01312ebbc2f9c33f7jpeg.jpeg
a7659c4ae49b51be9b548e52759e4jpeg.jpeg
a777cc1befcb8d6ef2a0aaaaba6e3jpeg.jpeg
a79f8e4c066f7d8e2763535e50637jpeg.jpeg
a7bebe61ec93dd21297a37daa424fjpeg.jpeg
a7c5d07af0f8e74edd3bb70eacbbcjpeg.jpeg
a7ca1215f002801176802bd1208ffjpeg.jpeg
a82128fab39ea3c0ffda02538162cjpeg.jpeg
a82206245961876dfde86568180c7jpeg.jpeg
a823784bbe5bfc6942603d2132363jpeg.jpeg
a82545015a1a6c6dd6279ef8d2a7ajpeg.jpeg
a82b4045e135ffbb37d8750b849f0jpeg.jpeg
a82ef63b1d47c920738d8974d0899jpeg.jpeg
a837410f7b826843316edfa016261jpeg.jpeg
a87edaffe547636893663f9c24d57jpeg.jpeg
a89c78dde4e789eab6e184908726djpeg.jpeg
a8c7164a9d233b55371e3bcc1bd94jpeg.jpeg
a8c9afd9021c2beba7952adf514f0jpeg.jpeg
a8ca0a9cfb35f9053c27db598e2ecjpeg.jpeg
a8dd9253650a645216aa199ff57f5jpeg.jpeg
a923fdaf5ad816cbba0067b429139jpeg.jpeg
a9321c75401e0ce80ca2f7864e4bbjpeg.jpeg
a935568063c6f5518a994b7cf084ejpeg.jpeg
a94cb19f8c3d99b1b17b6eca4739ejpeg.jpeg
a9997903706742aa3a0830a6ed6dbjpeg.jpeg
a9b535bd068f596f90e758490219bjpeg.jpeg
a9c0972e2044f722b3869d4a5fd0ejpeg.jpeg
a9f5718a4801ea8cdc28a00e0021bjpeg.jpeg
aa62ec9cb8e97b13d52f7650ce70fjpeg.jpeg
aa6579c744d0834d62406af6be06ajpeg.jpeg
aa9ddfc5701679070b04b25e20020jpeg.jpeg
aadf59b86debb7645895cf7c6ea0fjpeg.jpeg
aae2ae73f8192f1c15ee2fcc095d3jpeg.jpeg
aae55c79bf122a7f5c444304a9f79jpeg.jpeg
aaedcd57b27163ff0c3dc6e523656jpeg.jpeg
aaf5a62fbeec5adf16afdf00f135ajpeg.jpeg
ab0cb5512a6591303112b4e9091d7jpeg.jpeg
ab467a691e9a19cc4e6635e988bc8jpeg.jpeg
ab647cde4496e27cc9e5ddbf794a3jpeg.jpeg
ab67e8a0b4090c3daa22b1c98f925jpeg.jpeg
aba483305380cee5631455981f26fjpeg.jpeg
abbe0c8a7fc70c198ace271567b8ejpeg.jpeg
abd8ff2e4e027192ac5296f9014bejpeg.jpeg
abf81e071d65af8988d83e3bad22djpeg.jpeg
ac09e6adf48d98c80c2db351b1ec8jpeg.jpeg
ac149a36551ecd3d5a563ed624135jpeg.jpeg
ac4b73a2119d7eb210e8c06a3cc1ejpeg.jpeg
ac6531c16eca285279164427e492bjpeg.jpeg
ac6a6bc779f3fad7d0aba1c25d4f0jpeg.jpeg
ac7b4c0223873341a4cdba216d532jpeg.jpeg
ac7ef4b1c584bd577d8ed42f58f01jpeg.jpeg
ac8a75070860da021ebece3986ffajpeg.jpeg
ac95c4d1b2d3f492ee02221c8137ejpeg.jpeg
acd17ccd445d6b21ab32c1da07686jpeg.jpeg
ace111e2802b1aa4a3fb2c2f96185jpeg.jpeg
ace173dbb356eebae156e78149e8bjpeg.jpeg
ad4912de4a0bc9e79172b998decd6jpeg.jpeg
ad4f6e488fc90548ea0fc594fe758jpeg.jpeg
ad541aa1431d7449c7f6b6529b9b3jpeg.jpeg
ad615bb53e5f0b52eb1201c1549eejpeg.jpeg
ad697b0a07331fac3ec3fbeddaa14jpeg.jpeg
adaae33d63bdd60782378a4f6df53jpeg.jpeg
adbc0f063b7ef0f1ce5e3c4926ab0jpeg.jpeg
ae1ddd394f66dfa04d422373384ebjpeg.jpeg
ae7376e3ef5f403ceb88edef7d994jpeg.jpeg
ae848e02f8f82d4e65da6cd26e330jpeg.jpeg
ae8d172acdf9af15251cdcabec37ajpeg.jpeg
ae90c3a44c62b1ce8d6041068a2fbjpeg.jpeg
aea8864742f5221ffe92f62df2d03jpeg.jpeg
aeb1971ab187f07f9592897d1ecfejpeg.jpeg
aecee1a4cda7667d48a08f6500338jpeg.jpeg
aee3dd821cd6bc53058a72cb58069jpeg.jpeg
aeef819cff095a974126769ee67bejpeg.jpeg
af043707b6b7125d46f49c748ac80jpeg.jpeg
af258cbb353cf5f93a1c6678cf532jpeg.jpeg
af26e3038ce60d23f8f691a3d2555jpeg.jpeg
af31d2bbef45081b30e00d97dc9b9jpeg.jpeg
af389b994e018abd246a8df1aca16jpeg.jpeg
af5414cc7418815a9700e9377cbddjpeg.jpeg
af55f97b5fcadba98178e6a4805cdjpeg.jpeg
af61870636fd809d100d9d5ce84c3jpeg.jpeg
af7470748ad96dd2d6a1e604e6e17jpeg.jpeg
afbaff66c6396d473a9abaf127130jpeg.jpeg
afc962eb98239ee566db0f3590e1bjpeg.jpeg
afd54f410a079f5566923133f1af2jpeg.jpeg
afe1ae82fd922e0b97e3ceafef8bdjpeg.jpeg
aff70bb7d445535f31c1d7553880ejpeg.jpeg
b01e4a9a548001402d7f54b8a4cc5jpeg.jpeg
b05dd9a2155e29443c55dc763d6fdjpeg.jpeg
b07372f5584673af5e99d3c72b4e4jpeg.jpeg
b07394c3202ed1e48cadc0d5350a5jpeg.jpeg
b07f0d24bc36131c5f33c229b0018jpeg.jpeg
b09655b30ec4bfb9b0623ba55b730jpeg.jpeg
b0ba962a90d8eb9cfc444d7433d08jpeg.jpeg
b0bfd1a4661b60ce578ab2102ace2jpeg.jpeg
b0cbe993a2d204ec305bc90feb237jpeg.jpeg
b102a486ed5a37bdf2654f157a49ejpeg.jpeg
b157c0c78d58a921f5137da0f5180jpeg.jpeg
b1a48b95317cc9c111e864dc65a56jpeg.jpeg
b1b75d210a93e4635124291487ff4jpeg.jpeg
b20470bb3356b21308396986a163bjpeg.jpeg
b2113247715a843f93dc09387f8d5jpeg.jpeg
b2343150d5e918b8e431adda1f1e8jpeg.jpeg
b27f9fb38eb5caf30e77f37b5d55fjpeg.jpeg
b2993b40d56d7de40cbb71a06fcffjpeg.jpeg
b29d079ab97991a2ee2fd75ab7efdjpeg.jpeg
b2a27e2a9f0ee130974efc1fd2a76jpeg.jpeg
b2cf23e8d5a7e1f007290af9ec014jpeg.jpeg
b3269f855ee1f3dab3192a789b8b0jpeg.jpeg
b32fd18cc0b5164064d8b8d4efc03jpeg.jpeg
b371ccf22a597d67d8f20d712a252jpeg.jpeg
b37441054dbb59b28bfa574f1b6ffjpeg.jpeg
b385a23cf8c67c612be5bcbd8f203jpeg.jpeg
b3949bca90169611191b75131e663jpeg.jpeg
b3ea89da99ce5a78850669a5b4f77jpeg.jpeg
b41db2dcc97d78c963550a3f09cc5jpeg.jpeg
b44ac139edc90651eec9e87a5c188jpeg.jpeg
b48cceb3872c8266fe0ea4dc1d347jpeg.jpeg
b4932003817d3402cc0d1c34880dejpeg.jpeg
b4984b9ed16fe33afccfc24037f29jpeg.jpeg
b4d06674cddc1e198bc569ab80219jpeg.jpeg
b4d5e12a13850fec267ab0dfc4c4bjpeg.jpeg
b4ddf5562433ae3c5a2d973b0ac4fjpeg.jpeg
b51fb486ed3ba3c19026bccdfafdfjpeg.jpeg
b53e13941ec7b7e052b3d7420372cjpeg.jpeg
b5449bb7dc69d4cfacc0aea12e38fjpeg.jpeg
b55430c88e7a44e7211e177feb4b2jpeg.jpeg
b55bab08aca096ea4511ce95d8465jpeg.jpeg
b569b11c0b5e0946e9f3cdfb8eddbjpeg.jpeg
b5bf448288616eccdf7fc75f14355jpeg.jpeg
b5fa2a37ab3bf71e557e3e84e8af2jpeg.jpeg
b610b9a47f645bfe24323f70f9fcejpeg.jpeg
b61291eb6b4cfa950a66a81cb7b4cjpeg.jpeg
b62c601272a9784b8a25494b7bd2ejpeg.jpeg
b64d3852a57f8cff4cb0eaa400fa6jpeg.jpeg
b6a9ca5a8ec613f0a344a7f52551ejpeg.jpeg
b6b60d90e683aa8e4a775d1ea6cb0jpeg.jpeg
b6c6bc68a3efea10f043ef9ed3761jpeg.jpeg
b72c6dd9ed9644e29bcec96808b27jpeg.jpeg
b744a518727a142a02b32dca762cdjpeg.jpeg
b746caf78b6157fe4c36aa8cf5098jpeg.jpeg
b75fef0a8d44f793ee5cb1b7b364fjpeg.jpeg
b7916ea05eba86c4aa69cc4562435jpeg.jpeg
b7a92c9c8f7a6cc9f0c5be27013b3jpeg.jpeg
b7dc52f060936103e117a9259145fjpeg.jpeg
b7ea79bcd1f33031c60bf04c79ae7jpeg.jpeg
b7f75be03ee5b4c67eb9b3f408ee4jpeg.jpeg
b807c8b11ca5926370f9784473f31jpeg.jpeg
b8988552e29f804238885010c89fcjpeg.jpeg
b8b2240caab987929db073e3d3201jpeg.jpeg
b8cdbc50bbfa66bc3653038471733jpeg.jpeg
b9019351c72df6c2c228dd808628cjpeg.jpeg
b936fc987f027dc6957b2adb80564jpeg.jpeg
b95caa7fac8b20f09024e5a88feaajpeg.jpeg
b98b9be9f9eca3b178ae6fb52940djpeg.jpeg
b9a3b1c11b041e95865f80fdc869bjpeg.jpeg
b9d5442bb9c797116e2c32f0b74b4jpeg.jpeg
b9e0e42268d590f41dde7d9a5b472jpeg.jpeg
ba2c34315e259019eb0cb273d27b3jpeg.jpeg
ba4a0ec3c9d22808a85721693c307jpeg.jpeg
ba5459b2a7d4a98e4a4b8d864e4b1jpeg.jpeg
baaa996e56dde0098ae4230ed58d2jpeg.jpeg
bab382e7c9b2eac070df19285f92fjpeg.jpeg
bade89a26214140e6e89c8d57c81bjpeg.jpeg
bae70c0801ba8c3543234eb600884jpeg.jpeg
bb16f2cbfab1c50a981022a33404djpeg.jpeg
bb1c08c69009a3c1bff5818f81ac2jpeg.jpeg
bb373ae51f5305b2c324de403ffa8jpeg.jpeg
bb38f05a12429895132f22361c569jpeg.jpeg
bb5c87f2785d588288a0176b8cc68jpeg.jpeg
bb86607bc9043c784b63b762c1e3ajpeg.jpeg
bbe5f3c9f4f40a1e6814a476b0cbejpeg.jpeg
bbfae0609b8202524ff4b78789da2jpeg.jpeg
bc5c6157028a9316233a3b33f050ajpeg.jpeg
bc62f12cd0e29a25883d8c856b985jpeg.jpeg
bc8d075c70ef8a95c5b88ada65bb8jpeg.jpeg
bcd66f563b8f558c834d064155991jpeg.jpeg
bd1b427766938b082826114ff8ca7jpeg.jpeg
bd9ab85587f8371ec61355beff2fejpeg.jpeg
bdbd8dedd03effc29aa6698f4f58bjpeg.jpeg
bdf4edae605a5dbe6470c2332f95fjpeg.jpeg
be571585ddd20b81c437b9fd728b7jpeg.jpeg
be5c0e1ed5ddfa5cf1483c00deee6jpeg.jpeg
bec8a214efb36bff66f55d07cff53jpeg.jpeg
bf1018f4532effc7739e928a92355jpeg.jpeg
bf437ae1d5e646ffa76afa6d6ab20jpeg.jpeg
bf7387b1a10f76d5906127b8c5cbfjpeg.jpeg
bf9b11a52999fb6ce7f51402e9b1ajpeg.jpeg
bfbc555f95c200622b41f1895f450jpeg.jpeg
bfd92b4f1e1efee840dc784f393e8jpeg.jpeg
bfe7c702fd168a358ae979e1ad517jpeg.jpeg
bffcb090b9e230d94aad70e3f76dejpeg.jpeg
c01424d403a0b9b99e24a289bd618jpeg.jpeg
c01b57b0fd69b0fc8b38d7a658a86jpeg.jpeg
c01e1c49f4898d9bbbb8cc5740f4ejpeg.jpeg
c053faffa2e502f48f9c0947b55c0jpeg.jpeg
c061646db2fc5200cb3187e5b8275jpeg.jpeg
c068df93060a1f738a26be8e08702jpeg.jpeg
c098b877b8c9ae3d67ebcc161f533jpeg.jpeg
c0e086e766ad670727d5dcc26ce90jpeg.jpeg
c0f557de03d898d817d87e6e721abjpeg.jpeg
c1037739995fbadcced3b20bf957ajpeg.jpeg
c104a1a4f6e94096c846a92853638jpeg.jpeg
c11d6867717dcea38467f95f2f793jpeg.jpeg
c18dd4fbca3fb1b6971794d7bcaf3jpeg.jpeg
c1b446921f431ef88a3d8a396b935jpeg.jpeg
c1d20cea267a0d7c584a0e2ed7561jpeg.jpeg
c1db587c685b4870a1a264a2c4b72jpeg.jpeg
c1fa95e8f1bd3ba93098e658c6df2jpeg.jpeg
c2577870ac3234b864cd45b2a99b7jpeg.jpeg
c26e49dc9a85fdf2ed5a75337c8bcjpeg.jpeg
c292ac1cdb07b5a443562b5d39407jpeg.jpeg
c2a73a4b470cbe6f8dd7a7eadf78ejpeg.jpeg
c2b794670ee338d1f37985ff79b5ejpeg.jpeg
c2ccab8f5710af3fa8cecb1f85e93jpeg.jpeg
c2f81cfb34fb31a252bb15a7e956ejpeg.jpeg
c3771a3313879bfae8d31b16ef033jpeg.jpeg
c37f0652d2344ff032e7de2e8f862jpeg.jpeg
c3c129e78b1627f7e8f7847fc43cajpeg.jpeg
c3c50ee09e40ca4063ae5b7d060e2jpeg.jpeg
c3e0673ede52f1bcc2459ee7fb858jpeg.jpeg
c3e12a68e687341bb7f8fff8d6138jpeg.jpeg
c3f50e5c32e13cb0c7769ea9a9360jpeg.jpeg
c3f7d1f65b3048a3bbc8fa1c4d346jpeg.jpeg
c3ff7a7b965701217ba2711b339cdjpeg.jpeg
c429471dd07bf3a960457f06facc0jpeg.jpeg
c43215411c5852cd4d3c12eb0b561jpeg.jpeg
c441c99931fb9eb9d820f8de9a9a7jpeg.jpeg
c47aac2ec2d7daa92ba4a00e022dbjpeg.jpeg
c496d92aa7d64186ab17a216e50c9jpeg.jpeg
c4b0eada884a8b3a073f8adfd1432jpeg.jpeg
c4ca49e36b57a297d55f17024db0fjpeg.jpeg
c4cb586de1ad66d669afd349f65ddjpeg.jpeg
c4e114f928b09d0899bda7b67159bjpeg.jpeg
c50771847c8d81253de53f956a0cejpeg.jpeg
c53dbaf1eb4abd7715dc05a956cf1jpeg.jpeg
c58c78c8762833fd1babe06410f65jpeg.jpeg
c597e51f9bedfff5185ece384d217jpeg.jpeg
c5a5094afecd4f24fc1b5321c0e19jpeg.jpeg
c5a62ae050a0f6e018233fc72d5c6jpeg.jpeg
c5bb00ee436ac44a44e9ca66cdde2jpeg.jpeg
c6036944b95510bffca9caf93a194jpeg.jpeg
c6115f1a08256810cf8c85a3a00b8jpeg.jpeg
c616780e848cd8e61bd6d99fc1930jpeg.jpeg
c628562a2082b0c62f6cf2ffae067jpeg.jpeg
c67a7c5fcc8ef92158e92e2b7e4adjpeg.jpeg
c68bce4c2f3e6147f716d3fc90c9djpeg.jpeg
c697055733686b4c095735c9237dejpeg.jpeg
c6f2867020c251c605e0c339e87c9jpeg.jpeg
c70f5f79d78ef8802539d25166606jpeg.jpeg
c7396abed21d7947d6efc69ad4aa6jpeg.jpeg
c742a8c6760534fd91436dcdbf7afjpeg.jpeg
c765b8dee7f977d55bf82d6c1160bjpeg.jpeg
c76f6719b8bab739d9fd837a7d2b3jpeg.jpeg
c7ab0ce76d3c89a8cd9159887acbejpeg.jpeg
c7becd0788038d09d2346f088be4ejpeg.jpeg
c7dcd261166be0caaa6d58ac27566jpeg.jpeg
c7dd684f72212fe29f873774cad04jpeg.jpeg
c7fe31e8f63f43decd1c83fc60c10jpeg.jpeg
c812316a70088684b18f9a73ee8b1jpeg.jpeg
c8816d3c321ac845d015d16347de3jpeg.jpeg
c88c3abeb8c73cb08c07991e701a1jpeg.jpeg
c895e29ab08755b1e72f8b4bb8c58jpeg.jpeg
c8a41a9e73c9faae55d2a24c9d9b5jpeg.jpeg
c8a59d33efb05186d4a3d5aba519ejpeg.jpeg
c8a8dd8a412c20e18f1ea36a0bbf7jpeg.jpeg
c8b9611c8a751b112901d35be0f9ajpeg.jpeg
c8efd31b65cfc1aaa0d3afe0b7115jpeg.jpeg
c91727d72067308fd4716967e0940jpeg.jpeg
c919c530e6f1f2a90c09c3d010bebjpeg.jpeg
c921c933256f20c90e7cc758f52f4jpeg.jpeg
c9356b5cbba58c804e03e512397cejpeg.jpeg
c943553c9b7abd9d2d4ae91517952jpeg.jpeg
c95c28b34d4ce29f7499ce1ddde58jpeg.jpeg
c96afdfea162f860fb50d41b2f31bjpeg.jpeg
c9ad316c2920f8a6cfb5b94f36f5fjpeg.jpeg
c9e835e6e89bb89c741b3e3f742b3jpeg.jpeg
ca621c5245c382e521bc39acb051djpeg.jpeg
ca6ebdbd7deeeb08d996cee740010jpeg.jpeg
ca752c28ce562c9591d2d296a7d62jpeg.jpeg
ca7e8b15953a0d357ec963397654ajpeg.jpeg
caa1754b2e745ee15458a10d6924fjpeg.jpeg
caaccdc0edb772d87508d82e6acebjpeg.jpeg
cad33f6fc4f3ec6c61f36facc2ab8jpeg.jpeg
cae0211221492dde66cf11ce265d1jpeg.jpeg
cae9a3d1455864815bb0c7b762e36jpeg.jpeg
caf24172251936a66883a9b0c94abjpeg.jpeg
cafa279c58fbcbeb29de697f1a7fejpeg.jpeg
cb1c5acf40354fc78c9fb427655edjpeg.jpeg
cb4e647d0910338feee358b805aaejpeg.jpeg
cb9f97c3251b1421a643f5a103e54jpeg.jpeg
cba1d9adfc59c428df95128d90f56jpeg.jpeg
cba7c40699c7753f25e42a992161cjpeg.jpeg
cbae732a0e06b58c734b04333dd11jpeg.jpeg
cbd5782549188324c71d5cfefe996jpeg.jpeg
cbf23cd3a7809cb5fdf2c777b1e55jpeg.jpeg
cc50361041e13f2466b1d4627ca84jpeg.jpeg
cc5f48972706ab6d6e7fdae966d3djpeg.jpeg
ccb3b4a13291735968e91f1e7afccjpeg.jpeg
ccc726e5745bbe862a7a4cde32f6cjpeg.jpeg
cce508a091928a26f95967cef3973jpeg.jpeg
cd186b477ea5a022b9ac0b829990ajpeg.jpeg
cd4f4c138f024403d0332978c02dcjpeg.jpeg
cd55d309635a184df556e5b0906e7jpeg.jpeg
cd57ab99afd4cd88c09a2b27db33cjpeg.jpeg
cd59f90e1ae914fae05d5f647e0c1jpeg.jpeg
cd5d66a3c795970d95aece8b96b72jpeg.jpeg
cded6d00d820828eb138e8e5c5b03jpeg.jpeg
cdfc6e23f1b7816354e8ae217db68jpeg.jpeg
ce1039fd308ee2a939bbc78b522f7jpeg.jpeg
ce183994fc60818476d8795154456jpeg.jpeg
ce1b324a983aa73f056f5b62a5a17jpeg.jpeg
ce7653be9a6c0b600837fdbdfbde6jpeg.jpeg
ce8231572c4c9ef33b54f7d00d842jpeg.jpeg
ce9a1d34bf9c50fe61c1a5fdf88d6jpeg.jpeg
cec32db3b0d7217a6e6de4b75f016jpeg.jpeg
cf09ecf7ebb2a8ba553469b0dce35jpeg.jpeg
cf16cae87545396977c78682168dfjpeg.jpeg
cf1b537ad995953eb7630e1568fb7jpeg.jpeg
cf678b9c7eb489517dc5dbb92b659jpeg.jpeg
cf960bf44b985c97fd467b641ab19jpeg.jpeg
cf98a379cd085301fc5e606ebb658jpeg.jpeg
cfbd7effed856372288a5cba95689jpeg.jpeg
cfbd8f5d187fe4f673083d6d25212jpeg.jpeg
cfdc82db80e6ab768cf8bffd3bb89jpeg.jpeg
cfe6bf9f740a994b21b7a64e1b75ajpeg.jpeg
d020484241045bc13a9b21f087537jpeg.jpeg
d02b073b6f07cadaa28dc6638eb36jpeg.jpeg
d04ea79bb43db330c8c89f3ee6178jpeg.jpeg
d05a673bb7654283c81e4931b2a26jpeg.jpeg
d070f20c0eb82dc7b1740d929ad6fjpeg.jpeg
d077a2c87bd885151a1351687c6a0jpeg.jpeg
d07df92d92c5b9114998a44166ddejpeg.jpeg
d0a40823bba15d313b7dd94e94d12jpeg.jpeg
d0e0f9c02c7df1ec361659986a88bjpeg.jpeg
d0f5ea0b6ce6273c79e83ca89e2bbjpeg.jpeg
d11bb878c152082544dbba1905b00jpeg.jpeg
d11c6858b5e6907cbf31ac2332003jpeg.jpeg
d142bee60bb4088e688c89a9a0635jpeg.jpeg
d1452b486f4c4da6189b55b57d966jpeg.jpeg
d1737f08b3dc4390b042cabc2a5c8jpeg.jpeg
d1b822fb0db76ce40838880691f94jpeg.jpeg
d1d09c5119642211023ada23257fdjpeg.jpeg
d1f03e13827ea6a4b8259e4bb89bejpeg.jpeg
d1f26626f3e2f0dd50f626560dec6jpeg.jpeg
d1f50c528457212cdba23b0b3511ejpeg.jpeg
d1f5d01d85069f730bbe15108cdc5jpeg.jpeg
d1fb29edede26152ce014d2b1b984jpeg.jpeg
d207a7dc1f5c991926da358646aa9jpeg.jpeg
d23989e1512e976265b8042a52880jpeg.jpeg
d24621cd588714279c05253d5c9c5jpeg.jpeg
d2545014e42ba174054117d59e4c4jpeg.jpeg
d254b370315551766438e51747773jpeg.jpeg
d2797b3f6b588fc976b0bc4440172jpeg.jpeg
d2d3fa99954d51bf76e987463b935jpeg.jpeg
d2edd11121f827d8058f9b196e743jpeg.jpeg
d30964dc423c8de4596451a512556jpeg.jpeg
d31c98bd501ec610b7ef01214c9e8jpeg.jpeg
d382cc607e75a56f58b77111e3710jpeg.jpeg
d38e8dfd32062517c67d10da582c5jpeg.jpeg
d3b2814b162f42bcb8dddbec39f07jpeg.jpeg
d411b105fcc53daac241a3e2e2363jpeg.jpeg
d491b1826e6f4ca84d62cc50da4d6jpeg.jpeg
d4b86d6a7cbcad524c6ed69f981dfjpeg.jpeg
d4dd925526828cd4df67c6ea1916bjpeg.jpeg
d4ec7030e672deb3222b7e155d78ejpeg.jpeg
d4fa9b023c718ae375ef7bb7a0eacjpeg.jpeg
d5100035d951d3ad17f9753e2c787jpeg.jpeg
d5481f0d264431808908da37516e1jpeg.jpeg
d55365060d2e819245068b447892ajpeg.jpeg
d560d3a763f4bb8cda643f888499djpeg.jpeg
d56d07c97c6476b1392ab1224008ejpeg.jpeg
d5d2f65f33e4966e9d7fffb868f8ajpeg.jpeg
d5ee1d71c99809e99499458d89f42jpeg.jpeg
d63ad5fb1c5983a565522805a95f9jpeg.jpeg
d64db82a100ee1c7461067266f359jpeg.jpeg
d656cb39104182c31a309d27ceed3jpeg.jpeg
d67b53b12d2c47c4f8399d05955bfjpeg.jpeg
d68e2d5dadc0df5d6d9194d8c4e07jpeg.jpeg
d6ab7517dafee7bb8449024cf6719jpeg.jpeg
d6f2d5cf5e2ae6e0fb1d1ccda3f71jpeg.jpeg
d6f54f10a4ace4ff58147774dcba9jpeg.jpeg
d7106098ca4e19b4256fd1bb4aa57jpeg.jpeg
d71171f14a5d4bc5365085c8a69fejpeg.jpeg
d747982a0c2d63d6cca790544b283jpeg.jpeg
d754ad6841e746e298757ce7bc8a1jpeg.jpeg
d763808631e274ec491fca1b75de2jpeg.jpeg
d76a205fe33e66fe7e305da0b7775jpeg.jpeg
d777477afc8a173a70fa20be2b0f0jpeg.jpeg
d777dfd0edf2e979965a7e7d5dcc7jpeg.jpeg
d78d8ac99c4fee091863f8afbab35jpeg.jpeg
d7a63643fea10f4f3afb550fa0e12jpeg.jpeg
d7bbed52629b4653bd268fb94c632jpeg.jpeg
d7cbdfea5df92b9c5772b5585a725jpeg.jpeg
d7f4388002425dcf1f724f4645572jpeg.jpeg
d81ef12cc49f5d07d46e2d3faff51jpeg.jpeg
d82f321b268837ef3ed171759ece6jpeg.jpeg
d837e232341a9c1c5d7e1c3c7748bjpeg.jpeg
d83e78a6f1d59e276a91db15abae4jpeg.jpeg
d83ee9d36ba5fa683dc8b59b640f8jpeg.jpeg
d86eb1a5e8d131c061574eeca1e2ajpeg.jpeg
d877a1c834e03f271a6b7c87b25efjpeg.jpeg
d880441b18620d18c68f02205af90jpeg.jpeg
d89be28ff0278c35b8dd23a9cc34cjpeg.jpeg
d8ac24d59a8629b65a80f27ce9302jpeg.jpeg
d8cd5dca028eb859750d79ac38c94jpeg.jpeg
d92518833f56e0b7d908d9a831ab7jpeg.jpeg
d92f13a65b4ee1889f905a665dbebjpeg.jpeg
d934a1b16a4e46638c191f3bffc76jpeg.jpeg
d934cfab068833ef6dbb875477bd7jpeg.jpeg
d936ad1606c6a7cf486d70d9bc95djpeg.jpeg
d97599ef33e7fadbbcdfa4d76540ejpeg.jpeg
d9a2ad54bb2841a6156e6a9f50a1cjpeg.jpeg
da0743deef6957ed50d179a9bb678jpeg.jpeg
da2396dd2e894b4b4490d6b329c46jpeg.jpeg
da60b9b84b575170965c9ae51416ajpeg.jpeg
dadce6051199a169c921db5a4e4bbjpeg.jpeg
daf5dcc7f41a209766028f322225ajpeg.jpeg
daf7b1fe8d55444cb8126eebb8fc6jpeg.jpeg
daf8a0ffb455707a5e942546b8411jpeg.jpeg
db3b5f3f9dfd2a93d034094fee63bjpeg.jpeg
db4170cc32bfa49ae6b51a19d3631jpeg.jpeg
db8ae0ac7d3bafcc6aa89b2a72decjpeg.jpeg
db90fd757a91c241005e52421e108jpeg.jpeg
db945c3114c7bf04e30f09cb8bb96jpeg.jpeg
db9f29a40e0f918463a056bbac4b0jpeg.jpeg
dbbd3f66b8115fa8d22c381bfbbe5jpeg.jpeg
dbc5c946d5ddf453ae0fad8580126jpeg.jpeg
dbdf74d9595145865c2788be756b8jpeg.jpeg
dbe38f310f192b6a60b6d576b623djpeg.jpeg
dbf0ebe57f92daeb4393b4be70598jpeg.jpeg
dc0475584b40fefa3eff2cbdeaf4cjpeg.jpeg
dc16c70640d322c256fe0b97e4bb0jpeg.jpeg
dc1ecaadae4b1b386dae4fa03e638jpeg.jpeg
dc4476b0951d8be6634073bfa729ajpeg.jpeg
dc65279485855e64e8bc143bf098fjpeg.jpeg
dc820886cc09dbcd7e85f3bfb9957jpeg.jpeg
dca74035bef2af3512d8110138478jpeg.jpeg
dcafe722807d03efcbe7a04741c3ajpeg.jpeg
dcc01fb3c858d1963ea0b4b253dd7jpeg.jpeg
dcc5dda0b4a0f13f11979599b2e06jpeg.jpeg
dcddd5df696551bc56a38bab349c4jpeg.jpeg
dced2689935c7c6b237da6c6c9c4djpeg.jpeg
dcf2d5511297beb122da0d233c46cjpeg.jpeg
dd6fe6ba09884bb84da98f63af20djpeg.jpeg
dd6fe75c58bf5942a9b69a9eb7029jpeg.jpeg
dda00408f5cba57e2f3b357b51d9djpeg.jpeg
ddde2e4cdb203cce150c406ad0766jpeg.jpeg
ddeb32caaf754f5c05f093d8463c8jpeg.jpeg
ddf04c26c9b6b185ba1a45224447djpeg.jpeg
ddfc40cb7d6249f64bea82cc47e6ajpeg.jpeg
de0aab68a10a7d1f9d3936ce45b82jpeg.jpeg
de1421becc28814ac04830b5f880cjpeg.jpeg
de7f23af1eee002ce2c4e0f449991jpeg.jpeg
deb2210e061f63d399f411dd86365jpeg.jpeg
ded11f24a5a1fde3f86e62ced9a07jpeg.jpeg
df684794f83e4cd8a584566938806jpeg.jpeg
df8bd7afbf556fbcd85ae4787924bjpeg.jpeg
df91ce95720ffc584778e4042ba46jpeg.jpeg
dfa26404fadfc52e3860c2d267474jpeg.jpeg
dfa2ffac67b66adde9cea77ae2c53jpeg.jpeg
dfc25c42c6c4dcb429f1009ed8d38jpeg.jpeg
dfe5caa0fa846dcde1032ca3cde31jpeg.jpeg
dfe7266ab9d9508cf4bebb0d30cfbjpeg.jpeg
e004ff547c7aced8b4a5becfebf91jpeg.jpeg
e02dcf4636165e50925273d6e5687jpeg.jpeg
e0302f67a9c08f500b76489c3b23ejpeg.jpeg
e0330126434e40efcfc5aef477971jpeg.jpeg
e07e790bda09e9b2fe2940d28cafcjpeg.jpeg
e0a9fdc54d73f2f372c4020c549b8jpeg.jpeg
e0e2c830e6f87004bf3ad87134124jpeg.jpeg
e0f0a408291970ab1964499e3d57ajpeg.jpeg
e11f94f691237806f5696a91763bajpeg.jpeg
e1302351a677c4f3649e097d6087cjpeg.jpeg
e15aa90d21c3e2d94d9e581feff8djpeg.jpeg
e16b46540bc426e9f15057669134cjpeg.jpeg
e1daf017373812c2ea93119c6804ejpeg.jpeg
e1e5c0ad9902aa87f09df04f51397jpeg.jpeg
e1e80a142f38470df24832a4a8bb3jpeg.jpeg
e20887922ff329366f55dd1bf0865jpeg.jpeg
e20f8cb39dbd4455e460a81f19978jpeg.jpeg
e2107adb24c1299dd09e963309f9djpeg.jpeg
e21676ef837b75540df3440216b80jpeg.jpeg
e239e540cab219af657e9f2ec9596jpeg.jpeg
e23f7b7f640b62166358e2d5f6c38jpeg.jpeg
e262e7ca139f5a79edf619798b396jpeg.jpeg
e28174460ab742e1a52b64f69c803jpeg.jpeg
e28682c0a731826d5f23af6442824jpeg.jpeg
e2890b7deeb471af49537a159a2adjpeg.jpeg
e29eb42f43d4ead809a1cc1478559jpeg.jpeg
e2a494701c81a6e94a314e9ce878ajpeg.jpeg
e3000cd289e7598fc2f01efb908eajpeg.jpeg
e3050af4e1ee1d3fed63aea280d2fjpeg.jpeg
e308f336f44e4743d0fa70a47731cjpeg.jpeg
e3130919671a5c8beffdda0e55f16jpeg.jpeg
e34043a9ef354c0fbe3252dc902ffjpeg.jpeg
e3579522ed131067ec9c52f6e202ajpeg.jpeg
e35b01ba68fc419fc5657678ecb49jpeg.jpeg
e3785dce30a4adacac99beff62f41jpeg.jpeg
e387dcb5cd73946b2fc9a46ff1c74jpeg.jpeg
e38dbc924c1b79fc5892da3ad8ac8jpeg.jpeg
e3a7e4469f32f5162554f3e6519abjpeg.jpeg
e3bb7325ac8898a638f27cdf6655cjpeg.jpeg
e3ea05180760a95051249d35ea2dbjpeg.jpeg
e3ee45a57c44926344f4f4f2709d3jpeg.jpeg
e47d58d22d4f8a61eb7369d4827cfjpeg.jpeg
e4810f7df8a0e1eefebfff868bfefjpeg.jpeg
e4ca1a1e2dc091f86c18911227524jpeg.jpeg
e4ccdbfed1ce26d1c30d63e2152edjpeg.jpeg
e514bfe8757c5071268cff2b5b020jpeg.jpeg
e516be58cdcbf7d2a778ad19e78bajpeg.jpeg
e5412bb692d90b74284f84faf207ajpeg.jpeg
e55a07f1c6df19cc971297a865fdajpeg.jpeg
e568ac14418c49fc88cab012495a1jpeg.jpeg
e56b502a3016d0c1df9dd5e675954jpeg.jpeg
e5ab4f6f1f2b26a3022682b91c377jpeg.jpeg
e5bab4a06d1ede6590a5959819abdjpeg.jpeg
e5d76e8a21b573d0fc96b36f69a32jpeg.jpeg
e606fd87bd41104a2bfea9322522djpeg.jpeg
e6442636fef6ed6f08e599c1a3589jpeg.jpeg
e66a9244553ae4eaf80210957fd43jpeg.jpeg
e68b7e59ba21ef9092990792197e4jpeg.jpeg
e69b3bdc4f70e8eeb8999287adf6fjpeg.jpeg
e6a0187a6d0a72318f42c267cfad1jpeg.jpeg
e6c0209342bef917bbc0cf6296fe7jpeg.jpeg
e708af8f857507679296f06a840a4jpeg.jpeg
e7146e22be44b297ce0a599a28ebfjpeg.jpeg
e7230a6f842e888e6103097f1d100jpeg.jpeg
e72a459fb52c2598272285eb01e3ejpeg.jpeg
e72df51e7f637a52b148ced8428cejpeg.jpeg
e74f675453bdeba66926121b36fcfjpeg.jpeg
e75bf31f230b94c60dd8b79d2f90ajpeg.jpeg
e779bcf8a77d04771bd7783df496fjpeg.jpeg
e77ead5e826256d807b04dac6a8f9jpeg.jpeg
e79fd120780d318add5f8575482fajpeg.jpeg
e7d3ebc41adebb7310b0b177d5538jpeg.jpeg
e7d7993a576a3727aacd6654dfa0bjpeg.jpeg
e80f3378a41ad5b0a555c7bd5af48jpeg.jpeg
e824f476f465d428e2e15d3cb830bjpeg.jpeg
e84095bf9cce84090f3105a764283jpeg.jpeg
e87474aa382707eabcac5ad1cbd45jpeg.jpeg
e87540806826f379c0ce619b1bbd3jpeg.jpeg
e89d77e5bb41561e5168b85ceabc5jpeg.jpeg
e92a22eb8a9437b1b78899627e692jpeg.jpeg
e9ab6e7c4e09444a9b7dd28699ce1jpeg.jpeg
e9c5b89432d8eb7867a02ffdfb324jpeg.jpeg
ea0348e162bbd72667f73554831abjpeg.jpeg
ea0c422c4bee5a7cb2403bbb31254jpeg.jpeg
ea0f5d50a7aa6b7cf576017e44602jpeg.jpeg
ea66e46cd1c15894dc7bedcb6457fjpeg.jpeg
ea7a59d2b5e57c858ac2b170aaebfjpeg.jpeg
ea7cc070fdca307ecaff6ff8bac17jpeg.jpeg
eaa85e511dc1d7dee3e740ae32769jpeg.jpeg
eab11b605e203e1b1e59cab8041cejpeg.jpeg
ead7353abca4d2a591518ffbb0b25jpeg.jpeg
eae2274509bfa0ba9a15f334aa350jpeg.jpeg
eae9ac8e4625f5e4bd87dc9c25a24jpeg.jpeg
eb0a72e228eb6e79ecff9c3909467jpeg.jpeg
eb83b4097f22ba56891ee74c00ad6jpeg.jpeg
eb92524a77c2d5b5b1ebc26fafaa8jpeg.jpeg
ebb6c14c3e895f3cf2d383b97a7e6jpeg.jpeg
ebde6b5f212dbd584e1893607ba40jpeg.jpeg
ebe3750105e632b56357ebeac6a56jpeg.jpeg
ebe651b32c5a820ca44e976761f27jpeg.jpeg
ebe7b08d14cb3f9f54309c7115a09jpeg.jpeg
ebf526d34b3f34c40c8aab6dbc075jpeg.jpeg
ebf870f9c9ade995523daf269dc3bjpeg.jpeg
ec18a0b21959f048ef0b062f518bdjpeg.jpeg
ec2c7c979d36ddc53127c2033ee64jpeg.jpeg
ec3f74b1af39764d531dcc6f72738jpeg.jpeg
ec50a682123d92f1ad5e4eb587883jpeg.jpeg
ec78bad60013550820881c7bb137fjpeg.jpeg
ec7fc4daff369e2d4ae0c7077ad20jpeg.jpeg
eca993ee78892e7547a79ebde3220jpeg.jpeg
ed1887b1f2973e58554e3b38a3ac2jpeg.jpeg
ed1dcd99c7ebffe5d75307654b5b6jpeg.jpeg
ed20b0c7a0fa1477a0c35ac71a445jpeg.jpeg
ed284a20e13051e565ebf27a027f5jpeg.jpeg
ed33bfee7a780a7931e311982886ajpeg.jpeg
ed414e28ce462e2ae00f07c214a61jpeg.jpeg
ed4994ce6c399f14db5741aab5a99jpeg.jpeg
ed71b8196a04c206b976ce5e3957ajpeg.jpeg
ed7c36b51b7fed633dad6567ef575jpeg.jpeg
eda643d93a476da1528e7b4e48b4cjpeg.jpeg
eda7d3aff1cd71e79f1b103d511c0jpeg.jpeg
edb5b7fad648df10c2aaf62d3339ajpeg.jpeg
eddb8494cae09253bda6a18c66926jpeg.jpeg
ede5db4ad6939ce1fdd86fb027e64jpeg.jpeg
ede75b9192d73376849cae7c3f9a5jpeg.jpeg
ee018bf62a2ad9b40dc4cf43e395djpeg.jpeg
ee0b8956c4fd2ee335f19e99ac5d1jpeg.jpeg
ee21d4443b4e4b2687ff48888874ajpeg.jpeg
ee2e617406e31bfa016615cd57ad6jpeg.jpeg
ee95b0d2287e730c95c8580f97c17jpeg.jpeg
eeaefefe215763ea2d15603664dcfjpeg.jpeg
eec3985e9bdd84aeeb26cb9c64f8bjpeg.jpeg
eed7dfd57570fde406f42c973ba1ejpeg.jpeg
eee4af26f73ab46b414e0556cfd8djpeg.jpeg
ef146180e29bc27b705ff59c0be7djpeg.jpeg
ef1d02d6cbb769d01c86fd618eb1bjpeg.jpeg
ef48b81d0e185ec5026f5b4a6c421jpeg.jpeg
ef524e0fec91a48b831d0a2ed1333jpeg.jpeg
ef699f362b12a31938629cdb91757jpeg.jpeg
ef69c09d0f9c9f06ddd72159b5189jpeg.jpeg
ef80eb191d005773ed8b869a09c95jpeg.jpeg
efd539d24c8ee344ce4e16296c297jpeg.jpeg
efe4bb67cdd184cf276529b654e7ajpeg.jpeg
f024372725f7cea8d42e7c69ca85djpeg.jpeg
f0368961cb1f222f00d0c9e1b1f0ajpeg.jpeg
f0632a4b34ff57e7c52569af340ebjpeg.jpeg
f0ab3d66ff6699939171d89b78bb9jpeg.jpeg
f0f4ba17579c24af42b892b21dddbjpeg.jpeg
f123c5b6d48032588967a1b946c40jpeg.jpeg
f19311b1352aa239de43852aeb9bbjpeg.jpeg
f19e446fec71131893770f7fa2c9ajpeg.jpeg
f1a6441519c54bbbe798e8c856d20jpeg.jpeg
f1c9307c6cf6f4e4fa4226e3708afjpeg.jpeg
f1d7795e97b7ee859738a6dc316a6jpeg.jpeg
f1e8658f3155bae7db4440b70e540jpeg.jpeg
f1fcad88812cad7d1190ad9d9dc87jpeg.jpeg
f21401862df8f95c633ae5c3f039fjpeg.jpeg
f22b28effe544cd6cd66f9de34078jpeg.jpeg
f25400d37e55ae59242c7dca6fe19jpeg.jpeg
f2556481a93386ef227209172fe97jpeg.jpeg
f261657933d72589c8587ec386e1cjpeg.jpeg
f28372be23d9bb061f7b6bc97e951jpeg.jpeg
f289abadf815674d3f09caab77402jpeg.jpeg
f29b8a46b51c99e2e7bfbe360969ejpeg.jpeg
f2b5dad92e704e91e4e106c537075jpeg.jpeg
f2cdb48affe275d217474d7128c59jpeg.jpeg
f2e302ea103e21922458e2643f619jpeg.jpeg
f2f98a0b562493b6dd45d1159ecb2jpeg.jpeg
f309687ff24fa6fbaf0b8c089e18djpeg.jpeg
f35b792a39f04f580de2c29875219jpeg.jpeg
f3715f07d99f0699ee93e0a1113b5jpeg.jpeg
f3ba5fbe3db2d5af55f5906c32d76jpeg.jpeg
f3c1b2c96e55760dd75557f079c24jpeg.jpeg
f3d9d0f8c5a0c2312fc19d4d498f8jpeg.jpeg
f4232c5276f519dfe676b802a9c42jpeg.jpeg
f46116d0752158851d7821b4c8129jpeg.jpeg
f482fa4fe57c2d3ce5f80ff98ec8cjpeg.jpeg
f499e248e17841cc41c7acf74c41djpeg.jpeg
f4cd391e5859368f3afd6a2c9e891jpeg.jpeg
f4df29fe85bc603d0d0a6432e9b27jpeg.jpeg
f4e617f2949f2439a43bace496b52jpeg.jpeg
f4ea419f3d48b632a3536f339fbe0jpeg.jpeg
f4f3c0e4e6ca8b3eb5364184d14c3jpeg.jpeg
f4f644895c3c8e95af355bcc58848jpeg.jpeg
f507b3166aa2f9985c600e5d650f2jpeg.jpeg
f5606a6f8ea711369a9006053de6bjpeg.jpeg
f571fbac5611d248d59c3439a412cjpeg.jpeg
f58e98c496a19ca15bcfbf253ca16jpeg.jpeg
f5bd54819ebca0929cda6efcd7180jpeg.jpeg
f5c1272a8a60da6ddf98db1363609jpeg.jpeg
f6252efc794ab8d1c65bb68668f62jpeg.jpeg
f64ed197e40e642f9ee1101fe88e5jpeg.jpeg
f66fc5cc7a2344dfcab11e44725fejpeg.jpeg
f69e5fe147a045b658775e80e87bcjpeg.jpeg
f6a3fea2c3926eaa4dd5d25798c7ejpeg.jpeg
f6c09e2df6fc52be92aedc20c1a53jpeg.jpeg
f6e84987da7070bf2ae9571196b67jpeg.jpeg
f724b50e23acbbc06515076ffd6ecjpeg.jpeg
f747eea7a3659e3d74f07a5797fb5jpeg.jpeg
f7b7e5a550ffc10c80d1e12e4ee38jpeg.jpeg
f7cfbe8b52a155d4ddbeb7d460752jpeg.jpeg
f8140d05dd153f9e96e2612ad16b5jpeg.jpeg
f832cb3acf4bdbe20cba4c37996d8jpeg.jpeg
f85fc684b6dc149f5287b8bc7f413jpeg.jpeg
f860dfcc10a1a790138380d72f123jpeg.jpeg
f8a9315beb83d46b1a635c2dae094jpeg.jpeg
f8d991adc4875e305b1341db73509jpeg.jpeg
f8f420c32f23114c4df1a3e623804jpeg.jpeg
f94115523a59b13ceb35f5f41df61jpeg.jpeg
f98eaf39737d14f7c209a366070e6jpeg.jpeg
f9a2f3e954597a6f1bdb3af27b0bdjpeg.jpeg
f9a993dee6081ea6ee164335bedc7jpeg.jpeg
f9ae108af1396b16f9296dcaadd7bjpeg.jpeg
f9ca65446483c34ae11d7e661ed22jpeg.jpeg
f9cee3781385ce0fad4246c4d705bjpeg.jpeg
f9d6f585ffa4ff8e9d1af1abfaefajpeg.jpeg
f9dd1280ce2a9274a0199e2468ba5jpeg.jpeg
f9fd800bcba2fd110f5470b3f7505jpeg.jpeg
fa1e1c358ffe5f8eae337f400837cjpeg.jpeg
fa249846cfdd0524e85e81f85dfc5jpeg.jpeg
fa5d7afde41bd5c7c0331d82453d5jpeg.jpeg
fa6e5d992853cf1b4ecd35b038dd7jpeg.jpeg
fade81d01e0829d22e3c598be0972jpeg.jpeg
fafed3468e187ee17ba8ec7194441jpeg.jpeg
fb0dbe706f7a2e58a1fae21b2c86fjpeg.jpeg
fb17bd0aa488a6216d14c17073cd4jpeg.jpeg
fb4ca75ed17b9bee883839097fbe0jpeg.jpeg
fb57301178930ab1275b3afb7be9cjpeg.jpeg
fb958a398f5243151be32b6985f86jpeg.jpeg
fb9b9383ebc7e11758586e837350djpeg.jpeg
fc0ab8f6e210f40521797d3c7c92fjpeg.jpeg
fc228d884994a116fc0df1bd9daacjpeg.jpeg
fc2ab7ed064049fbdf994208d3261jpeg.jpeg
fc633a95862bf9fb06e6db925a09ejpeg.jpeg
fc8099dc9af17cb188c3a3808db80jpeg.jpeg
fcaf632df7a633e587d364c098bcbjpeg.jpeg
fcd2f40e12368781084b3d62365ccjpeg.jpeg
fd1a537d1bc3d899c733be3b6e010jpeg.jpeg
fd224ba343845daf1ac5eb1f9194djpeg.jpeg
fd4e047ed26800d617aa5f18306c4jpeg.jpeg
fd6b0e699d72639ff2b113e65022djpeg.jpeg
fdc7a8062906aaa2c8eb855c76e78jpeg.jpeg
fdd40bcc345b3d9aa42b9273fa704jpeg.jpeg
fdee7d9b1fb2bd6f9853e90513aeajpeg.jpeg
fdf8ed02fca185f68bb8188339986jpeg.jpeg
fe15161a21e3448b4313a8c753be1jpeg.jpeg
fe4edfc8338389ae76c0aae062da1jpeg.jpeg
fe5376fc965f9b9863282944aec53jpeg.jpeg
fe983312bcc391ff0eb39c67b85b0jpeg.jpeg
fe9955917a9a8316a21bc5faaeb55jpeg.jpeg
feab747548bd7b5213c3c76e8e0afjpeg.jpeg
feb02d022cb7cd226a6718a1e6b24jpeg.jpeg
feca61b5eee46a4eafee4616bccdajpeg.jpeg
fed4df9a38f2506ea0d284299db8ejpeg.jpeg
fed76430e5068581b8ab6a3fba64fjpeg.jpeg
fee9223881bd7138991155a157ccajpeg.jpeg
ff31aa169858f6b8f673ba86dec4ejpeg.jpeg
ff352dc8b50d63f12c4674e620ff5jpeg.jpeg
ff41e3728b90bd1fffeaf9c033e1djpeg.jpeg
ff668afddc784858c84ec9d779ec4jpeg.jpeg
ff733da0a80b342f6dd59db6b3375jpeg.jpeg
ff7f488e84898c7d9fd6fa27a77dbjpeg.jpeg
ff97ee5e8f30dbcc53ac39e2d2b14jpeg.jpeg
ffc5ab2dc8423264b9dcba79f340fjpeg.jpeg
ffd1330223b7fc6579ca0f667b616jpeg.jpeg
ffe8f1554af19069a9077cc41dcbdjpeg.jpeg
time:  1027.59894609
face/total: 7668/9825
